  [4;36;1mSQL (0.2ms)[0m   [0;1mSET client_min_messages TO 'panic'[0m
  [4;35;1mSQL (0.1ms)[0m   [0mSET standard_conforming_strings = on[0m
  [4;36;1mSQL (0.1ms)[0m   [0;1mSET client_min_messages TO 'notice'[0m
  [4;35;1mSQL (22.2ms)[0m   [0mCREATE TABLE "schema_migrations" ("version" character varying(255) NOT NULL) [0m
  [4;36;1mSQL (3.3ms)[0m   [0;1mCREATE UNIQUE INDEX "unique_schema_migrations" ON "schema_migrations" ("version")[0m
  [4;35;1mSQL (0.2ms)[0m   [0mSELECT version FROM schema_migrations[0m
Migrating to CreateApps (20111013021432)
  [4;36;1mSQL (0.1ms)[0m   [0;1mBEGIN[0m
  [4;35;1mSQL (13.9ms)[0m   [0mCREATE TABLE "apps" ("id" serial primary key, "tags" text, "created_at" timestamp, "updated_at" timestamp) [0m
  [4;36;1mSQL (0.5ms)[0m   [0;1mINSERT INTO schema_migrations (version) VALUES ('20111013021432')[0m
  [4;35;1mSQL (0.6ms)[0m   [0mCOMMIT[0m
  [4;36;1mSQL (0.4ms)[0m   [0;1mSELECT version FROM schema_migrations[0m
  [4;36;1mSQL (0.1ms)[0m   [0;1mSET client_min_messages TO 'panic'[0m
  [4;35;1mSQL (0.1ms)[0m   [0mSET standard_conforming_strings = on[0m
  [4;36;1mSQL (0.1ms)[0m   [0;1mSET client_min_messages TO 'notice'[0m
  [4;35;1mSQL (0.8ms)[0m   [0mSELECT version FROM schema_migrations[0m
Migrating to CreateApps (20111013021432)
Migrating to CreateFeatures (20111013025215)
  [4;36;1mSQL (0.1ms)[0m   [0;1mBEGIN[0m
  [4;35;1mSQL (14.5ms)[0m   [0mCREATE TABLE "features" ("id" serial primary key, "name" character varying(255), "details" character varying(255), "documentation" character varying(255), "support" character varying(255), "created_at" timestamp, "updated_at" timestamp) [0m
  [4;36;1mSQL (0.4ms)[0m   [0;1mINSERT INTO schema_migrations (version) VALUES ('20111013025215')[0m
  [4;35;1mSQL (0.4ms)[0m   [0mCOMMIT[0m
  [4;36;1mSQL (0.2ms)[0m   [0;1mSELECT version FROM schema_migrations[0m
  [4;36;1mSQL (0.2ms)[0m   [0;1mSET client_min_messages TO 'panic'[0m
  [4;35;1mSQL (0.1ms)[0m   [0mSET standard_conforming_strings = on[0m
  [4;36;1mSQL (0.1ms)[0m   [0;1mSET client_min_messages TO 'notice'[0m


Processing ApplicationController#index (for 127.0.0.1 at 2011-10-12 23:09:32) [GET]

ActionController::RoutingError (No route matches "/a" with {:method=>:get}):
  <internal:prelude>:10:in `synchronize'
  /Users/chrisbaglieri/.rvm/rubies/ruby-1.9.2-p290/lib/ruby/1.9.1/webrick/httpserver.rb:111:in `service'
  /Users/chrisbaglieri/.rvm/rubies/ruby-1.9.2-p290/lib/ruby/1.9.1/webrick/httpserver.rb:70:in `run'
  /Users/chrisbaglieri/.rvm/rubies/ruby-1.9.2-p290/lib/ruby/1.9.1/webrick/server.rb:183:in `block in start_thread'

Rendering rescues/layout (not_found)
  [4;35;1mSQL (0.1ms)[0m   [0mSET client_min_messages TO 'panic'[0m
  [4;36;1mSQL (0.1ms)[0m   [0;1mSET standard_conforming_strings = on[0m
  [4;35;1mSQL (0.1ms)[0m   [0mSET client_min_messages TO 'notice'[0m


Processing AppsController#index (for 127.0.0.1 at 2011-10-12 23:09:33) [GET]

ActionController::UnknownAction (No action responded to index. Actions: ):
  <internal:prelude>:10:in `synchronize'
  /Users/chrisbaglieri/.rvm/rubies/ruby-1.9.2-p290/lib/ruby/1.9.1/webrick/httpserver.rb:111:in `service'
  /Users/chrisbaglieri/.rvm/rubies/ruby-1.9.2-p290/lib/ruby/1.9.1/webrick/httpserver.rb:70:in `run'
  /Users/chrisbaglieri/.rvm/rubies/ruby-1.9.2-p290/lib/ruby/1.9.1/webrick/server.rb:183:in `block in start_thread'

Rendering rescues/layout (not_found)
  [4;36;1mSQL (0.1ms)[0m   [0;1mSET client_min_messages TO 'panic'[0m
  [4;35;1mSQL (0.2ms)[0m   [0mSET standard_conforming_strings = on[0m
  [4;36;1mSQL (0.1ms)[0m   [0;1mSET client_min_messages TO 'notice'[0m


Processing AppsController#show (for 127.0.0.1 at 2011-10-12 23:09:34) [GET]
  Parameters: {"id"=>"1"}

ActionController::UnknownAction (No action responded to show. Actions: ):
  <internal:prelude>:10:in `synchronize'
  /Users/chrisbaglieri/.rvm/rubies/ruby-1.9.2-p290/lib/ruby/1.9.1/webrick/httpserver.rb:111:in `service'
  /Users/chrisbaglieri/.rvm/rubies/ruby-1.9.2-p290/lib/ruby/1.9.1/webrick/httpserver.rb:70:in `run'
  /Users/chrisbaglieri/.rvm/rubies/ruby-1.9.2-p290/lib/ruby/1.9.1/webrick/server.rb:183:in `block in start_thread'

Rendering rescues/layout (not_found)
  [4;35;1mSQL (0.1ms)[0m   [0mSET client_min_messages TO 'panic'[0m
  [4;36;1mSQL (0.1ms)[0m   [0;1mSET standard_conforming_strings = on[0m
  [4;35;1mSQL (0.1ms)[0m   [0mSET client_min_messages TO 'notice'[0m


Processing AppsController#show (for 127.0.0.1 at 2011-10-12 23:09:35) [GET]
  Parameters: {"id"=>"1"}

ActionController::UnknownAction (No action responded to show. Actions: ):
  <internal:prelude>:10:in `synchronize'
  /Users/chrisbaglieri/.rvm/rubies/ruby-1.9.2-p290/lib/ruby/1.9.1/webrick/httpserver.rb:111:in `service'
  /Users/chrisbaglieri/.rvm/rubies/ruby-1.9.2-p290/lib/ruby/1.9.1/webrick/httpserver.rb:70:in `run'
  /Users/chrisbaglieri/.rvm/rubies/ruby-1.9.2-p290/lib/ruby/1.9.1/webrick/server.rb:183:in `block in start_thread'

Rendering rescues/layout (not_found)
  [4;36;1mSQL (0.1ms)[0m   [0;1mSET client_min_messages TO 'panic'[0m
  [4;35;1mSQL (0.1ms)[0m   [0mSET standard_conforming_strings = on[0m
  [4;36;1mSQL (0.1ms)[0m   [0;1mSET client_min_messages TO 'notice'[0m


Processing AppsController#1 (for 127.0.0.1 at 2011-10-12 23:09:35) [GET]
  Parameters: {"id"=>"fr"}

ActionController::UnknownAction (No action responded to 1. Actions: ):
  <internal:prelude>:10:in `synchronize'
  /Users/chrisbaglieri/.rvm/rubies/ruby-1.9.2-p290/lib/ruby/1.9.1/webrick/httpserver.rb:111:in `service'
  /Users/chrisbaglieri/.rvm/rubies/ruby-1.9.2-p290/lib/ruby/1.9.1/webrick/httpserver.rb:70:in `run'
  /Users/chrisbaglieri/.rvm/rubies/ruby-1.9.2-p290/lib/ruby/1.9.1/webrick/server.rb:183:in `block in start_thread'

Rendering rescues/layout (not_found)
  [4;35;1mSQL (0.1ms)[0m   [0mSET client_min_messages TO 'panic'[0m
  [4;36;1mSQL (0.2ms)[0m   [0;1mSET standard_conforming_strings = on[0m
  [4;35;1mSQL (0.1ms)[0m   [0mSET client_min_messages TO 'notice'[0m


Processing AppsController#1 (for 127.0.0.1 at 2011-10-12 23:09:36) [GET]
  Parameters: {"id"=>"f"}

ActionController::UnknownAction (No action responded to 1. Actions: ):
  <internal:prelude>:10:in `synchronize'
  /Users/chrisbaglieri/.rvm/rubies/ruby-1.9.2-p290/lib/ruby/1.9.1/webrick/httpserver.rb:111:in `service'
  /Users/chrisbaglieri/.rvm/rubies/ruby-1.9.2-p290/lib/ruby/1.9.1/webrick/httpserver.rb:70:in `run'
  /Users/chrisbaglieri/.rvm/rubies/ruby-1.9.2-p290/lib/ruby/1.9.1/webrick/server.rb:183:in `block in start_thread'

Rendering rescues/layout (not_found)
  [4;36;1mSQL (0.1ms)[0m   [0;1mSET client_min_messages TO 'panic'[0m
  [4;35;1mSQL (0.1ms)[0m   [0mSET standard_conforming_strings = on[0m
  [4;36;1mSQL (0.1ms)[0m   [0;1mSET client_min_messages TO 'notice'[0m


Processing AppsController#1 (for 127.0.0.1 at 2011-10-12 23:09:37) [GET]
  Parameters: {"id"=>"fe"}

ActionController::UnknownAction (No action responded to 1. Actions: ):
  <internal:prelude>:10:in `synchronize'
  /Users/chrisbaglieri/.rvm/rubies/ruby-1.9.2-p290/lib/ruby/1.9.1/webrick/httpserver.rb:111:in `service'
  /Users/chrisbaglieri/.rvm/rubies/ruby-1.9.2-p290/lib/ruby/1.9.1/webrick/httpserver.rb:70:in `run'
  /Users/chrisbaglieri/.rvm/rubies/ruby-1.9.2-p290/lib/ruby/1.9.1/webrick/server.rb:183:in `block in start_thread'

Rendering rescues/layout (not_found)
  [4;35;1mSQL (0.1ms)[0m   [0mSET client_min_messages TO 'panic'[0m
  [4;36;1mSQL (0.1ms)[0m   [0;1mSET standard_conforming_strings = on[0m
  [4;35;1mSQL (0.1ms)[0m   [0mSET client_min_messages TO 'notice'[0m


Processing AppsController#1 (for 127.0.0.1 at 2011-10-12 23:09:37) [GET]
  Parameters: {"id"=>"fea"}

ActionController::UnknownAction (No action responded to 1. Actions: ):
  <internal:prelude>:10:in `synchronize'
  /Users/chrisbaglieri/.rvm/rubies/ruby-1.9.2-p290/lib/ruby/1.9.1/webrick/httpserver.rb:111:in `service'
  /Users/chrisbaglieri/.rvm/rubies/ruby-1.9.2-p290/lib/ruby/1.9.1/webrick/httpserver.rb:70:in `run'
  /Users/chrisbaglieri/.rvm/rubies/ruby-1.9.2-p290/lib/ruby/1.9.1/webrick/server.rb:183:in `block in start_thread'

Rendering rescues/layout (not_found)
  [4;36;1mSQL (0.2ms)[0m   [0;1mSET client_min_messages TO 'panic'[0m
  [4;35;1mSQL (0.1ms)[0m   [0mSET standard_conforming_strings = on[0m
  [4;36;1mSQL (0.1ms)[0m   [0;1mSET client_min_messages TO 'notice'[0m


Processing AppsController#1 (for 127.0.0.1 at 2011-10-12 23:09:38) [GET]
  Parameters: {"id"=>"features"}

ActionController::UnknownAction (No action responded to 1. Actions: ):
  <internal:prelude>:10:in `synchronize'
  /Users/chrisbaglieri/.rvm/rubies/ruby-1.9.2-p290/lib/ruby/1.9.1/webrick/httpserver.rb:111:in `service'
  /Users/chrisbaglieri/.rvm/rubies/ruby-1.9.2-p290/lib/ruby/1.9.1/webrick/httpserver.rb:70:in `run'
  /Users/chrisbaglieri/.rvm/rubies/ruby-1.9.2-p290/lib/ruby/1.9.1/webrick/server.rb:183:in `block in start_thread'

Rendering rescues/layout (not_found)
  [4;35;1mSQL (0.2ms)[0m   [0mSET client_min_messages TO 'panic'[0m
  [4;36;1mSQL (0.2ms)[0m   [0;1mSET standard_conforming_strings = on[0m
  [4;35;1mSQL (0.1ms)[0m   [0mSET client_min_messages TO 'notice'[0m


Processing ApplicationController#index (for 127.0.0.1 at 2011-10-12 23:09:46) [GET]

ActionController::RoutingError (No route matches "/apps//features" with {:method=>:get}):
  <internal:prelude>:10:in `synchronize'
  /Users/chrisbaglieri/.rvm/rubies/ruby-1.9.2-p290/lib/ruby/1.9.1/webrick/httpserver.rb:111:in `service'
  /Users/chrisbaglieri/.rvm/rubies/ruby-1.9.2-p290/lib/ruby/1.9.1/webrick/httpserver.rb:70:in `run'
  /Users/chrisbaglieri/.rvm/rubies/ruby-1.9.2-p290/lib/ruby/1.9.1/webrick/server.rb:183:in `block in start_thread'

Rendering rescues/layout (not_found)
  [4;36;1mSQL (0.1ms)[0m   [0;1mSET client_min_messages TO 'panic'[0m
  [4;35;1mSQL (0.1ms)[0m   [0mSET standard_conforming_strings = on[0m
  [4;36;1mSQL (0.1ms)[0m   [0;1mSET client_min_messages TO 'notice'[0m


Processing FeaturesController#index (for 127.0.0.1 at 2011-10-12 23:09:47) [GET]

ActionView::MissingTemplate (Missing template features/index.erb in view path /Users/chrisbaglieri/Code/hacks/heroku-labs-command/core/app/views):
  <internal:prelude>:10:in `synchronize'
  /Users/chrisbaglieri/.rvm/rubies/ruby-1.9.2-p290/lib/ruby/1.9.1/webrick/httpserver.rb:111:in `service'
  /Users/chrisbaglieri/.rvm/rubies/ruby-1.9.2-p290/lib/ruby/1.9.1/webrick/httpserver.rb:70:in `run'
  /Users/chrisbaglieri/.rvm/rubies/ruby-1.9.2-p290/lib/ruby/1.9.1/webrick/server.rb:183:in `block in start_thread'

Rendering rescues/layout (internal_server_error)
  [4;35;1mSQL (0.5ms)[0m   [0mSET client_min_messages TO 'panic'[0m
  [4;36;1mSQL (0.4ms)[0m   [0;1mSET standard_conforming_strings = on[0m
  [4;35;1mSQL (0.3ms)[0m   [0mSET client_min_messages TO 'notice'[0m


Processing ApplicationController#index (for 127.0.0.1 at 2011-10-12 23:09:58) [GET]

ActionController::RoutingError (No route matches "/afeatures" with {:method=>:get}):
  <internal:prelude>:10:in `synchronize'
  /Users/chrisbaglieri/.rvm/rubies/ruby-1.9.2-p290/lib/ruby/1.9.1/webrick/httpserver.rb:111:in `service'
  /Users/chrisbaglieri/.rvm/rubies/ruby-1.9.2-p290/lib/ruby/1.9.1/webrick/httpserver.rb:70:in `run'
  /Users/chrisbaglieri/.rvm/rubies/ruby-1.9.2-p290/lib/ruby/1.9.1/webrick/server.rb:183:in `block in start_thread'

Rendering rescues/layout (not_found)
  [4;36;1mSQL (0.1ms)[0m   [0;1mSET client_min_messages TO 'panic'[0m
  [4;35;1mSQL (0.1ms)[0m   [0mSET standard_conforming_strings = on[0m
  [4;36;1mSQL (0.1ms)[0m   [0;1mSET client_min_messages TO 'notice'[0m


Processing ApplicationController#index (for 127.0.0.1 at 2011-10-12 23:09:58) [GET]

ActionController::RoutingError (No route matches "/appsfeatures" with {:method=>:get}):
  <internal:prelude>:10:in `synchronize'
  /Users/chrisbaglieri/.rvm/rubies/ruby-1.9.2-p290/lib/ruby/1.9.1/webrick/httpserver.rb:111:in `service'
  /Users/chrisbaglieri/.rvm/rubies/ruby-1.9.2-p290/lib/ruby/1.9.1/webrick/httpserver.rb:70:in `run'
  /Users/chrisbaglieri/.rvm/rubies/ruby-1.9.2-p290/lib/ruby/1.9.1/webrick/server.rb:183:in `block in start_thread'

Rendering rescues/layout (not_found)
  [4;35;1mSQL (0.1ms)[0m   [0mSET client_min_messages TO 'panic'[0m
  [4;36;1mSQL (0.1ms)[0m   [0;1mSET standard_conforming_strings = on[0m
  [4;35;1mSQL (0.1ms)[0m   [0mSET client_min_messages TO 'notice'[0m


Processing AppsController#index (for 127.0.0.1 at 2011-10-12 23:09:59) [GET]

ActionController::UnknownAction (No action responded to index. Actions: ):
  <internal:prelude>:10:in `synchronize'
  /Users/chrisbaglieri/.rvm/rubies/ruby-1.9.2-p290/lib/ruby/1.9.1/webrick/httpserver.rb:111:in `service'
  /Users/chrisbaglieri/.rvm/rubies/ruby-1.9.2-p290/lib/ruby/1.9.1/webrick/httpserver.rb:70:in `run'
  /Users/chrisbaglieri/.rvm/rubies/ruby-1.9.2-p290/lib/ruby/1.9.1/webrick/server.rb:183:in `block in start_thread'

Rendering rescues/layout (not_found)
  [4;36;1mSQL (0.1ms)[0m   [0;1mSET client_min_messages TO 'panic'[0m
  [4;35;1mSQL (0.1ms)[0m   [0mSET standard_conforming_strings = on[0m
  [4;36;1mSQL (0.1ms)[0m   [0;1mSET client_min_messages TO 'notice'[0m


Processing AppsController#index (for 127.0.0.1 at 2011-10-12 23:10:08) [GET]

ActionController::UnknownAction (No action responded to index. Actions: ):
  <internal:prelude>:10:in `synchronize'
  /Users/chrisbaglieri/.rvm/rubies/ruby-1.9.2-p290/lib/ruby/1.9.1/webrick/httpserver.rb:111:in `service'
  /Users/chrisbaglieri/.rvm/rubies/ruby-1.9.2-p290/lib/ruby/1.9.1/webrick/httpserver.rb:70:in `run'
  /Users/chrisbaglieri/.rvm/rubies/ruby-1.9.2-p290/lib/ruby/1.9.1/webrick/server.rb:183:in `block in start_thread'

Rendering rescues/layout (not_found)
  [4;35;1mSQL (0.1ms)[0m   [0mSET client_min_messages TO 'panic'[0m
  [4;36;1mSQL (0.1ms)[0m   [0;1mSET standard_conforming_strings = on[0m
  [4;35;1mSQL (0.1ms)[0m   [0mSET client_min_messages TO 'notice'[0m


Processing AppsController#show (for 127.0.0.1 at 2011-10-12 23:10:09) [GET]
  Parameters: {"id"=>"1"}

ActionController::UnknownAction (No action responded to show. Actions: ):
  <internal:prelude>:10:in `synchronize'
  /Users/chrisbaglieri/.rvm/rubies/ruby-1.9.2-p290/lib/ruby/1.9.1/webrick/httpserver.rb:111:in `service'
  /Users/chrisbaglieri/.rvm/rubies/ruby-1.9.2-p290/lib/ruby/1.9.1/webrick/httpserver.rb:70:in `run'
  /Users/chrisbaglieri/.rvm/rubies/ruby-1.9.2-p290/lib/ruby/1.9.1/webrick/server.rb:183:in `block in start_thread'

Rendering rescues/layout (not_found)
  [4;36;1mSQL (0.2ms)[0m   [0;1mSET client_min_messages TO 'panic'[0m
  [4;35;1mSQL (0.1ms)[0m   [0mSET standard_conforming_strings = on[0m
  [4;36;1mSQL (0.1ms)[0m   [0;1mSET client_min_messages TO 'notice'[0m


Processing AppsController#show (for 127.0.0.1 at 2011-10-12 23:10:10) [GET]
  Parameters: {"id"=>"1"}

ActionController::UnknownAction (No action responded to show. Actions: ):
  <internal:prelude>:10:in `synchronize'
  /Users/chrisbaglieri/.rvm/rubies/ruby-1.9.2-p290/lib/ruby/1.9.1/webrick/httpserver.rb:111:in `service'
  /Users/chrisbaglieri/.rvm/rubies/ruby-1.9.2-p290/lib/ruby/1.9.1/webrick/httpserver.rb:70:in `run'
  /Users/chrisbaglieri/.rvm/rubies/ruby-1.9.2-p290/lib/ruby/1.9.1/webrick/server.rb:183:in `block in start_thread'

Rendering rescues/layout (not_found)
  [4;35;1mSQL (0.2ms)[0m   [0mSET client_min_messages TO 'panic'[0m
  [4;36;1mSQL (0.3ms)[0m   [0;1mSET standard_conforming_strings = on[0m
  [4;35;1mSQL (0.2ms)[0m   [0mSET client_min_messages TO 'notice'[0m


Processing AppsController#1 (for 127.0.0.1 at 2011-10-12 23:10:10) [GET]
  Parameters: {"id"=>"fe"}

ActionController::UnknownAction (No action responded to 1. Actions: ):
  <internal:prelude>:10:in `synchronize'
  /Users/chrisbaglieri/.rvm/rubies/ruby-1.9.2-p290/lib/ruby/1.9.1/webrick/httpserver.rb:111:in `service'
  /Users/chrisbaglieri/.rvm/rubies/ruby-1.9.2-p290/lib/ruby/1.9.1/webrick/httpserver.rb:70:in `run'
  /Users/chrisbaglieri/.rvm/rubies/ruby-1.9.2-p290/lib/ruby/1.9.1/webrick/server.rb:183:in `block in start_thread'

Rendering rescues/layout (not_found)
  [4;36;1mSQL (0.1ms)[0m   [0;1mSET client_min_messages TO 'panic'[0m
  [4;35;1mSQL (0.1ms)[0m   [0mSET standard_conforming_strings = on[0m
  [4;36;1mSQL (0.1ms)[0m   [0;1mSET client_min_messages TO 'notice'[0m


Processing AppsController#1 (for 127.0.0.1 at 2011-10-12 23:10:10) [GET]
  Parameters: {"id"=>"fea"}

ActionController::UnknownAction (No action responded to 1. Actions: ):
  <internal:prelude>:10:in `synchronize'
  /Users/chrisbaglieri/.rvm/rubies/ruby-1.9.2-p290/lib/ruby/1.9.1/webrick/httpserver.rb:111:in `service'
  /Users/chrisbaglieri/.rvm/rubies/ruby-1.9.2-p290/lib/ruby/1.9.1/webrick/httpserver.rb:70:in `run'
  /Users/chrisbaglieri/.rvm/rubies/ruby-1.9.2-p290/lib/ruby/1.9.1/webrick/server.rb:183:in `block in start_thread'

Rendering rescues/layout (not_found)
  [4;35;1mSQL (0.2ms)[0m   [0mSET client_min_messages TO 'panic'[0m
  [4;36;1mSQL (0.1ms)[0m   [0;1mSET standard_conforming_strings = on[0m
  [4;35;1mSQL (0.1ms)[0m   [0mSET client_min_messages TO 'notice'[0m


Processing AppsController#1 (for 127.0.0.1 at 2011-10-12 23:10:10) [GET]
  Parameters: {"id"=>"feat"}

ActionController::UnknownAction (No action responded to 1. Actions: ):
  <internal:prelude>:10:in `synchronize'
  /Users/chrisbaglieri/.rvm/rubies/ruby-1.9.2-p290/lib/ruby/1.9.1/webrick/httpserver.rb:111:in `service'
  /Users/chrisbaglieri/.rvm/rubies/ruby-1.9.2-p290/lib/ruby/1.9.1/webrick/httpserver.rb:70:in `run'
  /Users/chrisbaglieri/.rvm/rubies/ruby-1.9.2-p290/lib/ruby/1.9.1/webrick/server.rb:183:in `block in start_thread'

Rendering rescues/layout (not_found)
  [4;36;1mSQL (0.1ms)[0m   [0;1mSET client_min_messages TO 'panic'[0m
  [4;35;1mSQL (0.1ms)[0m   [0mSET standard_conforming_strings = on[0m
  [4;36;1mSQL (0.1ms)[0m   [0;1mSET client_min_messages TO 'notice'[0m


Processing AppsController#1 (for 127.0.0.1 at 2011-10-12 23:10:11) [GET]
  Parameters: {"id"=>"features"}

ActionController::UnknownAction (No action responded to 1. Actions: ):
  <internal:prelude>:10:in `synchronize'
  /Users/chrisbaglieri/.rvm/rubies/ruby-1.9.2-p290/lib/ruby/1.9.1/webrick/httpserver.rb:111:in `service'
  /Users/chrisbaglieri/.rvm/rubies/ruby-1.9.2-p290/lib/ruby/1.9.1/webrick/httpserver.rb:70:in `run'
  /Users/chrisbaglieri/.rvm/rubies/ruby-1.9.2-p290/lib/ruby/1.9.1/webrick/server.rb:183:in `block in start_thread'

Rendering rescues/layout (not_found)
  [4;35;1mSQL (0.1ms)[0m   [0mSET client_min_messages TO 'panic'[0m
  [4;36;1mSQL (0.1ms)[0m   [0;1mSET standard_conforming_strings = on[0m
  [4;35;1mSQL (0.1ms)[0m   [0mSET client_min_messages TO 'notice'[0m


Processing AppsController#1 (for 127.0.0.1 at 2011-10-12 23:10:13) [GET]
  Parameters: {"id"=>"features"}

ActionController::UnknownAction (No action responded to 1. Actions: ):
  <internal:prelude>:10:in `synchronize'
  /Users/chrisbaglieri/.rvm/rubies/ruby-1.9.2-p290/lib/ruby/1.9.1/webrick/httpserver.rb:111:in `service'
  /Users/chrisbaglieri/.rvm/rubies/ruby-1.9.2-p290/lib/ruby/1.9.1/webrick/httpserver.rb:70:in `run'
  /Users/chrisbaglieri/.rvm/rubies/ruby-1.9.2-p290/lib/ruby/1.9.1/webrick/server.rb:183:in `block in start_thread'

Rendering rescues/layout (not_found)
  [4;36;1mSQL (0.1ms)[0m   [0;1mSET client_min_messages TO 'panic'[0m
  [4;35;1mSQL (0.3ms)[0m   [0mSET standard_conforming_strings = on[0m
  [4;36;1mSQL (0.2ms)[0m   [0;1mSET client_min_messages TO 'notice'[0m


Processing ApplicationController#index (for 127.0.0.1 at 2011-10-12 23:10:23) [GET]

ActionController::MethodNotAllowed (Only delete requests are allowed.):
  <internal:prelude>:10:in `synchronize'
  /Users/chrisbaglieri/.rvm/rubies/ruby-1.9.2-p290/lib/ruby/1.9.1/webrick/httpserver.rb:111:in `service'
  /Users/chrisbaglieri/.rvm/rubies/ruby-1.9.2-p290/lib/ruby/1.9.1/webrick/httpserver.rb:70:in `run'
  /Users/chrisbaglieri/.rvm/rubies/ruby-1.9.2-p290/lib/ruby/1.9.1/webrick/server.rb:183:in `block in start_thread'

Rendered rescues/_trace (30.5ms)
Rendered rescues/_request_and_response (2.7ms)
Rendering rescues/layout (method_not_allowed)
  [4;35;1mSQL (0.1ms)[0m   [0mSET client_min_messages TO 'panic'[0m
  [4;36;1mSQL (0.1ms)[0m   [0;1mSET standard_conforming_strings = on[0m
  [4;35;1mSQL (0.1ms)[0m   [0mSET client_min_messages TO 'notice'[0m


Processing ApplicationController#index (for 127.0.0.1 at 2011-10-12 23:10:23) [GET]

ActionController::MethodNotAllowed (Only delete requests are allowed.):
  <internal:prelude>:10:in `synchronize'
  /Users/chrisbaglieri/.rvm/rubies/ruby-1.9.2-p290/lib/ruby/1.9.1/webrick/httpserver.rb:111:in `service'
  /Users/chrisbaglieri/.rvm/rubies/ruby-1.9.2-p290/lib/ruby/1.9.1/webrick/httpserver.rb:70:in `run'
  /Users/chrisbaglieri/.rvm/rubies/ruby-1.9.2-p290/lib/ruby/1.9.1/webrick/server.rb:183:in `block in start_thread'

Rendered rescues/_trace (9.5ms)
Rendered rescues/_request_and_response (0.3ms)
Rendering rescues/layout (method_not_allowed)
  [4;36;1mSQL (0.2ms)[0m   [0;1mSET client_min_messages TO 'panic'[0m
  [4;35;1mSQL (0.5ms)[0m   [0mSET standard_conforming_strings = on[0m
  [4;36;1mSQL (0.1ms)[0m   [0;1mSET client_min_messages TO 'notice'[0m


Processing ApplicationController#index (for 127.0.0.1 at 2011-10-12 23:10:30) [GET]

ActionController::MethodNotAllowed (Only delete requests are allowed.):
  <internal:prelude>:10:in `synchronize'
  /Users/chrisbaglieri/.rvm/rubies/ruby-1.9.2-p290/lib/ruby/1.9.1/webrick/httpserver.rb:111:in `service'
  /Users/chrisbaglieri/.rvm/rubies/ruby-1.9.2-p290/lib/ruby/1.9.1/webrick/httpserver.rb:70:in `run'
  /Users/chrisbaglieri/.rvm/rubies/ruby-1.9.2-p290/lib/ruby/1.9.1/webrick/server.rb:183:in `block in start_thread'

Rendered rescues/_trace (10.5ms)
Rendered rescues/_request_and_response (0.3ms)
Rendering rescues/layout (method_not_allowed)
  [4;35;1mSQL (0.1ms)[0m   [0mSET client_min_messages TO 'panic'[0m
  [4;36;1mSQL (0.1ms)[0m   [0;1mSET standard_conforming_strings = on[0m
  [4;35;1mSQL (0.1ms)[0m   [0mSET client_min_messages TO 'notice'[0m


Processing ApplicationController#index (for 127.0.0.1 at 2011-10-12 23:10:30) [GET]

ActionController::MethodNotAllowed (Only delete requests are allowed.):
  <internal:prelude>:10:in `synchronize'
  /Users/chrisbaglieri/.rvm/rubies/ruby-1.9.2-p290/lib/ruby/1.9.1/webrick/httpserver.rb:111:in `service'
  /Users/chrisbaglieri/.rvm/rubies/ruby-1.9.2-p290/lib/ruby/1.9.1/webrick/httpserver.rb:70:in `run'
  /Users/chrisbaglieri/.rvm/rubies/ruby-1.9.2-p290/lib/ruby/1.9.1/webrick/server.rb:183:in `block in start_thread'

Rendered rescues/_trace (33.1ms)
Rendered rescues/_request_and_response (0.3ms)
Rendering rescues/layout (method_not_allowed)
  [4;36;1mSQL (0.1ms)[0m   [0;1mSET client_min_messages TO 'panic'[0m
  [4;35;1mSQL (0.1ms)[0m   [0mSET standard_conforming_strings = on[0m
  [4;36;1mSQL (0.1ms)[0m   [0;1mSET client_min_messages TO 'notice'[0m


Processing ApplicationController#index (for 127.0.0.1 at 2011-10-12 23:10:31) [GET]

ActionController::MethodNotAllowed (Only delete requests are allowed.):
  <internal:prelude>:10:in `synchronize'
  /Users/chrisbaglieri/.rvm/rubies/ruby-1.9.2-p290/lib/ruby/1.9.1/webrick/httpserver.rb:111:in `service'
  /Users/chrisbaglieri/.rvm/rubies/ruby-1.9.2-p290/lib/ruby/1.9.1/webrick/httpserver.rb:70:in `run'
  /Users/chrisbaglieri/.rvm/rubies/ruby-1.9.2-p290/lib/ruby/1.9.1/webrick/server.rb:183:in `block in start_thread'

Rendered rescues/_trace (10.6ms)
Rendered rescues/_request_and_response (0.2ms)
Rendering rescues/layout (method_not_allowed)
  [4;35;1mSQL (0.1ms)[0m   [0mSET client_min_messages TO 'panic'[0m
  [4;36;1mSQL (0.1ms)[0m   [0;1mSET standard_conforming_strings = on[0m
  [4;35;1mSQL (0.1ms)[0m   [0mSET client_min_messages TO 'notice'[0m


Processing ApplicationController#index (for 127.0.0.1 at 2011-10-12 23:10:35) [GET]

ActionController::MethodNotAllowed (Only delete requests are allowed.):
  <internal:prelude>:10:in `synchronize'
  /Users/chrisbaglieri/.rvm/rubies/ruby-1.9.2-p290/lib/ruby/1.9.1/webrick/httpserver.rb:111:in `service'
  /Users/chrisbaglieri/.rvm/rubies/ruby-1.9.2-p290/lib/ruby/1.9.1/webrick/httpserver.rb:70:in `run'
  /Users/chrisbaglieri/.rvm/rubies/ruby-1.9.2-p290/lib/ruby/1.9.1/webrick/server.rb:183:in `block in start_thread'

Rendered rescues/_trace (10.3ms)
Rendered rescues/_request_and_response (21.6ms)
Rendering rescues/layout (method_not_allowed)
  [4;36;1mSQL (0.2ms)[0m   [0;1mSET client_min_messages TO 'panic'[0m
  [4;35;1mSQL (0.1ms)[0m   [0mSET standard_conforming_strings = on[0m
  [4;36;1mSQL (0.1ms)[0m   [0;1mSET client_min_messages TO 'notice'[0m


Processing ApplicationController#index (for 127.0.0.1 at 2011-10-12 23:10:35) [GET]

ActionController::RoutingError (No route matches "/apps/1/features/1/destroy" with {:method=>:get}):
  <internal:prelude>:10:in `synchronize'
  /Users/chrisbaglieri/.rvm/rubies/ruby-1.9.2-p290/lib/ruby/1.9.1/webrick/httpserver.rb:111:in `service'
  /Users/chrisbaglieri/.rvm/rubies/ruby-1.9.2-p290/lib/ruby/1.9.1/webrick/httpserver.rb:70:in `run'
  /Users/chrisbaglieri/.rvm/rubies/ruby-1.9.2-p290/lib/ruby/1.9.1/webrick/server.rb:183:in `block in start_thread'

Rendering rescues/layout (not_found)
  [4;35;1mSQL (0.1ms)[0m   [0mSET client_min_messages TO 'panic'[0m
  [4;36;1mSQL (0.3ms)[0m   [0;1mSET standard_conforming_strings = on[0m
  [4;35;1mSQL (0.2ms)[0m   [0mSET client_min_messages TO 'notice'[0m


Processing ApplicationController#index (for 127.0.0.1 at 2011-10-12 23:10:45) [GET]

ActionController::MethodNotAllowed (Only delete requests are allowed.):
  <internal:prelude>:10:in `synchronize'
  /Users/chrisbaglieri/.rvm/rubies/ruby-1.9.2-p290/lib/ruby/1.9.1/webrick/httpserver.rb:111:in `service'
  /Users/chrisbaglieri/.rvm/rubies/ruby-1.9.2-p290/lib/ruby/1.9.1/webrick/httpserver.rb:70:in `run'
  /Users/chrisbaglieri/.rvm/rubies/ruby-1.9.2-p290/lib/ruby/1.9.1/webrick/server.rb:183:in `block in start_thread'

Rendered rescues/_trace (9.7ms)
Rendered rescues/_request_and_response (0.2ms)
Rendering rescues/layout (method_not_allowed)
  [4;36;1mSQL (0.1ms)[0m   [0;1mSET client_min_messages TO 'panic'[0m
  [4;35;1mSQL (0.1ms)[0m   [0mSET standard_conforming_strings = on[0m
  [4;36;1mSQL (0.1ms)[0m   [0;1mSET client_min_messages TO 'notice'[0m


Processing ApplicationController#index (for 127.0.0.1 at 2011-10-12 23:10:45) [GET]

ActionController::MethodNotAllowed (Only delete requests are allowed.):
  <internal:prelude>:10:in `synchronize'
  /Users/chrisbaglieri/.rvm/rubies/ruby-1.9.2-p290/lib/ruby/1.9.1/webrick/httpserver.rb:111:in `service'
  /Users/chrisbaglieri/.rvm/rubies/ruby-1.9.2-p290/lib/ruby/1.9.1/webrick/httpserver.rb:70:in `run'
  /Users/chrisbaglieri/.rvm/rubies/ruby-1.9.2-p290/lib/ruby/1.9.1/webrick/server.rb:183:in `block in start_thread'

Rendered rescues/_trace (10.7ms)
Rendered rescues/_request_and_response (0.3ms)
Rendering rescues/layout (method_not_allowed)
  [4;35;1mSQL (0.1ms)[0m   [0mSET client_min_messages TO 'panic'[0m
  [4;36;1mSQL (0.1ms)[0m   [0;1mSET standard_conforming_strings = on[0m
  [4;35;1mSQL (0.1ms)[0m   [0mSET client_min_messages TO 'notice'[0m


Processing AppsController#1 (for 127.0.0.1 at 2011-10-12 23:10:45) [GET]
  Parameters: {"id"=>"features"}

ActionController::UnknownAction (No action responded to 1. Actions: ):
  <internal:prelude>:10:in `synchronize'
  /Users/chrisbaglieri/.rvm/rubies/ruby-1.9.2-p290/lib/ruby/1.9.1/webrick/httpserver.rb:111:in `service'
  /Users/chrisbaglieri/.rvm/rubies/ruby-1.9.2-p290/lib/ruby/1.9.1/webrick/httpserver.rb:70:in `run'
  /Users/chrisbaglieri/.rvm/rubies/ruby-1.9.2-p290/lib/ruby/1.9.1/webrick/server.rb:183:in `block in start_thread'

Rendering rescues/layout (not_found)
  [4;36;1mSQL (0.1ms)[0m   [0;1mSET client_min_messages TO 'panic'[0m
  [4;35;1mSQL (0.1ms)[0m   [0mSET standard_conforming_strings = on[0m
  [4;36;1mSQL (0.1ms)[0m   [0;1mSET client_min_messages TO 'notice'[0m


Processing ApplicationController#index (for 127.0.0.1 at 2011-10-12 23:10:49) [GET]

ActionController::MethodNotAllowed (Only delete requests are allowed.):
  <internal:prelude>:10:in `synchronize'
  /Users/chrisbaglieri/.rvm/rubies/ruby-1.9.2-p290/lib/ruby/1.9.1/webrick/httpserver.rb:111:in `service'
  /Users/chrisbaglieri/.rvm/rubies/ruby-1.9.2-p290/lib/ruby/1.9.1/webrick/httpserver.rb:70:in `run'
  /Users/chrisbaglieri/.rvm/rubies/ruby-1.9.2-p290/lib/ruby/1.9.1/webrick/server.rb:183:in `block in start_thread'

Rendered rescues/_trace (10.3ms)
Rendered rescues/_request_and_response (0.3ms)
Rendering rescues/layout (method_not_allowed)
  [4;35;1mSQL (0.1ms)[0m   [0mSET client_min_messages TO 'panic'[0m
  [4;36;1mSQL (0.1ms)[0m   [0;1mSET standard_conforming_strings = on[0m
  [4;35;1mSQL (0.1ms)[0m   [0mSET client_min_messages TO 'notice'[0m


Processing ApplicationController#index (for 127.0.0.1 at 2011-10-12 23:10:50) [GET]

ActionController::MethodNotAllowed (Only delete requests are allowed.):
  <internal:prelude>:10:in `synchronize'
  /Users/chrisbaglieri/.rvm/rubies/ruby-1.9.2-p290/lib/ruby/1.9.1/webrick/httpserver.rb:111:in `service'
  /Users/chrisbaglieri/.rvm/rubies/ruby-1.9.2-p290/lib/ruby/1.9.1/webrick/httpserver.rb:70:in `run'
  /Users/chrisbaglieri/.rvm/rubies/ruby-1.9.2-p290/lib/ruby/1.9.1/webrick/server.rb:183:in `block in start_thread'

Rendered rescues/_trace (12.2ms)
Rendered rescues/_request_and_response (0.3ms)
Rendering rescues/layout (method_not_allowed)
  [4;36;1mSQL (0.1ms)[0m   [0;1mSET client_min_messages TO 'panic'[0m
  [4;35;1mSQL (0.1ms)[0m   [0mSET standard_conforming_strings = on[0m
  [4;36;1mSQL (0.1ms)[0m   [0;1mSET client_min_messages TO 'notice'[0m


Processing ApplicationController#index (for 127.0.0.1 at 2011-10-12 23:10:50) [GET]

ActionController::MethodNotAllowed (Only delete requests are allowed.):
  <internal:prelude>:10:in `synchronize'
  /Users/chrisbaglieri/.rvm/rubies/ruby-1.9.2-p290/lib/ruby/1.9.1/webrick/httpserver.rb:111:in `service'
  /Users/chrisbaglieri/.rvm/rubies/ruby-1.9.2-p290/lib/ruby/1.9.1/webrick/httpserver.rb:70:in `run'
  /Users/chrisbaglieri/.rvm/rubies/ruby-1.9.2-p290/lib/ruby/1.9.1/webrick/server.rb:183:in `block in start_thread'

Rendered rescues/_trace (10.4ms)
Rendered rescues/_request_and_response (0.3ms)
Rendering rescues/layout (method_not_allowed)
  [4;36;1mSQL (0.1ms)[0m   [0;1mSET client_min_messages TO 'panic'[0m
  [4;35;1mSQL (0.1ms)[0m   [0mSET standard_conforming_strings = on[0m
  [4;36;1mSQL (0.1ms)[0m   [0;1mSET client_min_messages TO 'notice'[0m


Processing ApplicationController#index (for 127.0.0.1 at 2011-10-12 23:13:31) [GET]

ActionController::MethodNotAllowed (Only delete requests are allowed.):
  <internal:prelude>:10:in `synchronize'
  /Users/chrisbaglieri/.rvm/rubies/ruby-1.9.2-p290/lib/ruby/1.9.1/webrick/httpserver.rb:111:in `service'
  /Users/chrisbaglieri/.rvm/rubies/ruby-1.9.2-p290/lib/ruby/1.9.1/webrick/httpserver.rb:70:in `run'
  /Users/chrisbaglieri/.rvm/rubies/ruby-1.9.2-p290/lib/ruby/1.9.1/webrick/server.rb:183:in `block in start_thread'

Rendered rescues/_trace (10.7ms)
Rendered rescues/_request_and_response (1.0ms)
Rendering rescues/layout (method_not_allowed)
  [4;35;1mSQL (0.2ms)[0m   [0mSET client_min_messages TO 'panic'[0m
  [4;36;1mSQL (0.2ms)[0m   [0;1mSET standard_conforming_strings = on[0m
  [4;35;1mSQL (0.1ms)[0m   [0mSET client_min_messages TO 'notice'[0m


Processing FeaturesController#index (for 127.0.0.1 at 2011-10-12 23:13:34) [GET]
  Parameters: {"app_id"=>"1"}

ActionView::MissingTemplate (Missing template features/index.erb in view path /Users/chrisbaglieri/Code/hacks/heroku-labs-command/core/app/views):
  <internal:prelude>:10:in `synchronize'
  /Users/chrisbaglieri/.rvm/rubies/ruby-1.9.2-p290/lib/ruby/1.9.1/webrick/httpserver.rb:111:in `service'
  /Users/chrisbaglieri/.rvm/rubies/ruby-1.9.2-p290/lib/ruby/1.9.1/webrick/httpserver.rb:70:in `run'
  /Users/chrisbaglieri/.rvm/rubies/ruby-1.9.2-p290/lib/ruby/1.9.1/webrick/server.rb:183:in `block in start_thread'

Rendering rescues/layout (internal_server_error)
  [4;36;1mSQL (0.1ms)[0m   [0;1mSET client_min_messages TO 'panic'[0m
  [4;35;1mSQL (0.2ms)[0m   [0mSET standard_conforming_strings = on[0m
  [4;36;1mSQL (0.1ms)[0m   [0;1mSET client_min_messages TO 'notice'[0m


Processing FeaturesController#index (for 127.0.0.1 at 2011-10-12 23:13:34) [GET]
  Parameters: {"app_id"=>"1"}

ActionView::MissingTemplate (Missing template features/index.erb in view path /Users/chrisbaglieri/Code/hacks/heroku-labs-command/core/app/views):
  <internal:prelude>:10:in `synchronize'
  /Users/chrisbaglieri/.rvm/rubies/ruby-1.9.2-p290/lib/ruby/1.9.1/webrick/httpserver.rb:111:in `service'
  /Users/chrisbaglieri/.rvm/rubies/ruby-1.9.2-p290/lib/ruby/1.9.1/webrick/httpserver.rb:70:in `run'
  /Users/chrisbaglieri/.rvm/rubies/ruby-1.9.2-p290/lib/ruby/1.9.1/webrick/server.rb:183:in `block in start_thread'

Rendering rescues/layout (internal_server_error)
  [4;35;1mSQL (0.1ms)[0m   [0mSET client_min_messages TO 'panic'[0m
  [4;36;1mSQL (0.1ms)[0m   [0;1mSET standard_conforming_strings = on[0m
  [4;35;1mSQL (0.1ms)[0m   [0mSET client_min_messages TO 'notice'[0m


Processing ApplicationController#index (for 127.0.0.1 at 2011-10-12 23:13:42) [GET]

ActionController::MethodNotAllowed (Only delete requests are allowed.):
  <internal:prelude>:10:in `synchronize'
  /Users/chrisbaglieri/.rvm/rubies/ruby-1.9.2-p290/lib/ruby/1.9.1/webrick/httpserver.rb:111:in `service'
  /Users/chrisbaglieri/.rvm/rubies/ruby-1.9.2-p290/lib/ruby/1.9.1/webrick/httpserver.rb:70:in `run'
  /Users/chrisbaglieri/.rvm/rubies/ruby-1.9.2-p290/lib/ruby/1.9.1/webrick/server.rb:183:in `block in start_thread'

Rendered rescues/_trace (9.3ms)
Rendered rescues/_request_and_response (0.2ms)
Rendering rescues/layout (method_not_allowed)
  [4;36;1mSQL (0.1ms)[0m   [0;1mSET client_min_messages TO 'panic'[0m
  [4;35;1mSQL (0.1ms)[0m   [0mSET standard_conforming_strings = on[0m
  [4;36;1mSQL (0.1ms)[0m   [0;1mSET client_min_messages TO 'notice'[0m


Processing ApplicationController#index (for 127.0.0.1 at 2011-10-12 23:13:44) [GET]

ActionController::MethodNotAllowed (Only delete requests are allowed.):
  <internal:prelude>:10:in `synchronize'
  /Users/chrisbaglieri/.rvm/rubies/ruby-1.9.2-p290/lib/ruby/1.9.1/webrick/httpserver.rb:111:in `service'
  /Users/chrisbaglieri/.rvm/rubies/ruby-1.9.2-p290/lib/ruby/1.9.1/webrick/httpserver.rb:70:in `run'
  /Users/chrisbaglieri/.rvm/rubies/ruby-1.9.2-p290/lib/ruby/1.9.1/webrick/server.rb:183:in `block in start_thread'

Rendered rescues/_trace (28.5ms)
Rendered rescues/_request_and_response (0.3ms)
Rendering rescues/layout (method_not_allowed)
  [4;35;1mSQL (0.1ms)[0m   [0mSET client_min_messages TO 'panic'[0m
  [4;36;1mSQL (0.3ms)[0m   [0;1mSET standard_conforming_strings = on[0m
  [4;35;1mSQL (0.2ms)[0m   [0mSET client_min_messages TO 'notice'[0m


Processing ApplicationController#index (for 127.0.0.1 at 2011-10-12 23:13:49) [GET]

ActionController::MethodNotAllowed (Only delete requests are allowed.):
  <internal:prelude>:10:in `synchronize'
  /Users/chrisbaglieri/.rvm/rubies/ruby-1.9.2-p290/lib/ruby/1.9.1/webrick/httpserver.rb:111:in `service'
  /Users/chrisbaglieri/.rvm/rubies/ruby-1.9.2-p290/lib/ruby/1.9.1/webrick/httpserver.rb:70:in `run'
  /Users/chrisbaglieri/.rvm/rubies/ruby-1.9.2-p290/lib/ruby/1.9.1/webrick/server.rb:183:in `block in start_thread'

Rendered rescues/_trace (10.2ms)
Rendered rescues/_request_and_response (0.3ms)
Rendering rescues/layout (method_not_allowed)
  [4;36;1mSQL (0.1ms)[0m   [0;1mSET client_min_messages TO 'panic'[0m
  [4;35;1mSQL (0.1ms)[0m   [0mSET standard_conforming_strings = on[0m
  [4;36;1mSQL (0.1ms)[0m   [0;1mSET client_min_messages TO 'notice'[0m


Processing ApplicationController#index (for 127.0.0.1 at 2011-10-12 23:13:50) [GET]

ActionController::RoutingError (No route matches "/apps/1/features/2/show" with {:method=>:get}):
  <internal:prelude>:10:in `synchronize'
  /Users/chrisbaglieri/.rvm/rubies/ruby-1.9.2-p290/lib/ruby/1.9.1/webrick/httpserver.rb:111:in `service'
  /Users/chrisbaglieri/.rvm/rubies/ruby-1.9.2-p290/lib/ruby/1.9.1/webrick/httpserver.rb:70:in `run'
  /Users/chrisbaglieri/.rvm/rubies/ruby-1.9.2-p290/lib/ruby/1.9.1/webrick/server.rb:183:in `block in start_thread'

Rendering rescues/layout (not_found)
  [4;35;1mSQL (0.1ms)[0m   [0mSET client_min_messages TO 'panic'[0m
  [4;36;1mSQL (0.1ms)[0m   [0;1mSET standard_conforming_strings = on[0m
  [4;35;1mSQL (0.2ms)[0m   [0mSET client_min_messages TO 'notice'[0m


Processing ApplicationController#index (for 127.0.0.1 at 2011-10-12 23:13:53) [GET]

ActionController::MethodNotAllowed (Only delete requests are allowed.):
  <internal:prelude>:10:in `synchronize'
  /Users/chrisbaglieri/.rvm/rubies/ruby-1.9.2-p290/lib/ruby/1.9.1/webrick/httpserver.rb:111:in `service'
  /Users/chrisbaglieri/.rvm/rubies/ruby-1.9.2-p290/lib/ruby/1.9.1/webrick/httpserver.rb:70:in `run'
  /Users/chrisbaglieri/.rvm/rubies/ruby-1.9.2-p290/lib/ruby/1.9.1/webrick/server.rb:183:in `block in start_thread'

Rendered rescues/_trace (28.1ms)
Rendered rescues/_request_and_response (0.3ms)
Rendering rescues/layout (method_not_allowed)
  [4;36;1mSQL (0.1ms)[0m   [0;1mSET client_min_messages TO 'panic'[0m
  [4;35;1mSQL (0.1ms)[0m   [0mSET standard_conforming_strings = on[0m
  [4;36;1mSQL (0.1ms)[0m   [0;1mSET client_min_messages TO 'notice'[0m


Processing FeaturesController#index (for 127.0.0.1 at 2011-10-12 23:14:09) [GET]
  Parameters: {"app_id"=>"1"}

ActionView::MissingTemplate (Missing template features/index.erb in view path /Users/chrisbaglieri/Code/hacks/heroku-labs-command/core/app/views):
  <internal:prelude>:10:in `synchronize'
  /Users/chrisbaglieri/.rvm/rubies/ruby-1.9.2-p290/lib/ruby/1.9.1/webrick/httpserver.rb:111:in `service'
  /Users/chrisbaglieri/.rvm/rubies/ruby-1.9.2-p290/lib/ruby/1.9.1/webrick/httpserver.rb:70:in `run'
  /Users/chrisbaglieri/.rvm/rubies/ruby-1.9.2-p290/lib/ruby/1.9.1/webrick/server.rb:183:in `block in start_thread'

Rendering rescues/layout (internal_server_error)
  [4;35;1mSQL (0.2ms)[0m   [0mSET client_min_messages TO 'panic'[0m
  [4;36;1mSQL (0.2ms)[0m   [0;1mSET standard_conforming_strings = on[0m
  [4;35;1mSQL (0.1ms)[0m   [0mSET client_min_messages TO 'notice'[0m


Processing AppsController#show (for 127.0.0.1 at 2011-10-12 23:14:11) [GET]
  Parameters: {"id"=>"1features"}

ActionController::UnknownAction (No action responded to show. Actions: ):
  <internal:prelude>:10:in `synchronize'
  /Users/chrisbaglieri/.rvm/rubies/ruby-1.9.2-p290/lib/ruby/1.9.1/webrick/httpserver.rb:111:in `service'
  /Users/chrisbaglieri/.rvm/rubies/ruby-1.9.2-p290/lib/ruby/1.9.1/webrick/httpserver.rb:70:in `run'
  /Users/chrisbaglieri/.rvm/rubies/ruby-1.9.2-p290/lib/ruby/1.9.1/webrick/server.rb:183:in `block in start_thread'

Rendering rescues/layout (not_found)
  [4;36;1mSQL (0.1ms)[0m   [0;1mSET client_min_messages TO 'panic'[0m
  [4;35;1mSQL (0.1ms)[0m   [0mSET standard_conforming_strings = on[0m
  [4;36;1mSQL (0.1ms)[0m   [0;1mSET client_min_messages TO 'notice'[0m


Processing ApplicationController#index (for 127.0.0.1 at 2011-10-12 23:14:11) [GET]

ActionController::RoutingError (No route matches "/appsfeatures/" with {:method=>:get}):
  <internal:prelude>:10:in `synchronize'
  /Users/chrisbaglieri/.rvm/rubies/ruby-1.9.2-p290/lib/ruby/1.9.1/webrick/httpserver.rb:111:in `service'
  /Users/chrisbaglieri/.rvm/rubies/ruby-1.9.2-p290/lib/ruby/1.9.1/webrick/httpserver.rb:70:in `run'
  /Users/chrisbaglieri/.rvm/rubies/ruby-1.9.2-p290/lib/ruby/1.9.1/webrick/server.rb:183:in `block in start_thread'

Rendering rescues/layout (not_found)
  [4;35;1mSQL (0.1ms)[0m   [0mSET client_min_messages TO 'panic'[0m
  [4;36;1mSQL (0.2ms)[0m   [0;1mSET standard_conforming_strings = on[0m
  [4;35;1mSQL (0.1ms)[0m   [0mSET client_min_messages TO 'notice'[0m


Processing FeaturesController#index (for 127.0.0.1 at 2011-10-12 23:14:13) [GET]

ActionView::MissingTemplate (Missing template features/index.erb in view path /Users/chrisbaglieri/Code/hacks/heroku-labs-command/core/app/views):
  <internal:prelude>:10:in `synchronize'
  /Users/chrisbaglieri/.rvm/rubies/ruby-1.9.2-p290/lib/ruby/1.9.1/webrick/httpserver.rb:111:in `service'
  /Users/chrisbaglieri/.rvm/rubies/ruby-1.9.2-p290/lib/ruby/1.9.1/webrick/httpserver.rb:70:in `run'
  /Users/chrisbaglieri/.rvm/rubies/ruby-1.9.2-p290/lib/ruby/1.9.1/webrick/server.rb:183:in `block in start_thread'

Rendering rescues/layout (internal_server_error)
  [4;36;1mSQL (0.1ms)[0m   [0;1mSET client_min_messages TO 'panic'[0m
  [4;35;1mSQL (0.1ms)[0m   [0mSET standard_conforming_strings = on[0m
  [4;36;1mSQL (0.1ms)[0m   [0;1mSET client_min_messages TO 'notice'[0m


Processing FeaturesController#show (for 127.0.0.1 at 2011-10-12 23:14:13) [GET]
  Parameters: {"id"=>"1"}

ActionView::MissingTemplate (Missing template features/show.erb in view path /Users/chrisbaglieri/Code/hacks/heroku-labs-command/core/app/views):
  <internal:prelude>:10:in `synchronize'
  /Users/chrisbaglieri/.rvm/rubies/ruby-1.9.2-p290/lib/ruby/1.9.1/webrick/httpserver.rb:111:in `service'
  /Users/chrisbaglieri/.rvm/rubies/ruby-1.9.2-p290/lib/ruby/1.9.1/webrick/httpserver.rb:70:in `run'
  /Users/chrisbaglieri/.rvm/rubies/ruby-1.9.2-p290/lib/ruby/1.9.1/webrick/server.rb:183:in `block in start_thread'

Rendering rescues/layout (internal_server_error)
  [4;36;1mSQL (0.1ms)[0m   [0;1mSET client_min_messages TO 'panic'[0m
  [4;35;1mSQL (0.2ms)[0m   [0mSET standard_conforming_strings = on[0m
  [4;36;1mSQL (0.1ms)[0m   [0;1mSET client_min_messages TO 'notice'[0m
  [4;35;1mSQL (0.2ms)[0m   [0mBEGIN[0m
  [4;36;1mSQL (2.9ms)[0m   [0;1mINSERT INTO "features" ("name", "details", "documentation", "support", "created_at", "updated_at") VALUES('Foo', 'http://addons.heroku.com/bar', 'http://devcenter.heroku.com/articles/bar', 'support@bar.com', '2011-10-13 03:26:56.454798', '2011-10-13 03:26:56.454798') RETURNING "id"[0m
  [4;35;1mSQL (0.4ms)[0m   [0mCOMMIT[0m
  [4;36;1mSQL (0.1ms)[0m   [0;1mSET client_min_messages TO 'panic'[0m
  [4;35;1mSQL (0.1ms)[0m   [0mSET standard_conforming_strings = on[0m
  [4;36;1mSQL (0.1ms)[0m   [0;1mSET client_min_messages TO 'notice'[0m


Processing FeaturesController#index (for 127.0.0.1 at 2011-10-12 23:27:29) [GET]

ActionView::MissingTemplate (Missing template features/index.erb in view path /Users/chrisbaglieri/Code/hacks/heroku-labs-command/core/app/views):
  <internal:prelude>:10:in `synchronize'
  /Users/chrisbaglieri/.rvm/rubies/ruby-1.9.2-p290/lib/ruby/1.9.1/webrick/httpserver.rb:111:in `service'
  /Users/chrisbaglieri/.rvm/rubies/ruby-1.9.2-p290/lib/ruby/1.9.1/webrick/httpserver.rb:70:in `run'
  /Users/chrisbaglieri/.rvm/rubies/ruby-1.9.2-p290/lib/ruby/1.9.1/webrick/server.rb:183:in `block in start_thread'

Rendering rescues/layout (internal_server_error)
  [4;35;1mSQL (0.1ms)[0m   [0mSET client_min_messages TO 'panic'[0m
  [4;36;1mSQL (0.1ms)[0m   [0;1mSET standard_conforming_strings = on[0m
  [4;35;1mSQL (0.1ms)[0m   [0mSET client_min_messages TO 'notice'[0m


Processing FeaturesController#show (for 127.0.0.1 at 2011-10-12 23:27:30) [GET]
  Parameters: {"id"=>"f"}
  [4;36;1mFeature Load (0.6ms)[0m   [0;1mSELECT * FROM "features" WHERE ("features"."id" = 0) [0m

ActiveRecord::RecordNotFound (Couldn't find Feature with ID=f):
  app/controllers/features_controller.rb:6:in `show'
  <internal:prelude>:10:in `synchronize'
  /Users/chrisbaglieri/.rvm/rubies/ruby-1.9.2-p290/lib/ruby/1.9.1/webrick/httpserver.rb:111:in `service'
  /Users/chrisbaglieri/.rvm/rubies/ruby-1.9.2-p290/lib/ruby/1.9.1/webrick/httpserver.rb:70:in `run'
  /Users/chrisbaglieri/.rvm/rubies/ruby-1.9.2-p290/lib/ruby/1.9.1/webrick/server.rb:183:in `block in start_thread'

Rendered rescues/_trace (17.8ms)
Rendered rescues/_request_and_response (1.1ms)
Rendering rescues/layout (not_found)
  [4;35;1mSQL (0.1ms)[0m   [0mSET client_min_messages TO 'panic'[0m
  [4;36;1mSQL (0.1ms)[0m   [0;1mSET standard_conforming_strings = on[0m
  [4;35;1mSQL (0.1ms)[0m   [0mSET client_min_messages TO 'notice'[0m


Processing FeaturesController#show (for 127.0.0.1 at 2011-10-12 23:27:30) [GET]
  Parameters: {"id"=>"fo"}
  [4;36;1mFeature Load (0.7ms)[0m   [0;1mSELECT * FROM "features" WHERE ("features"."id" = 0) [0m

ActiveRecord::RecordNotFound (Couldn't find Feature with ID=fo):
  app/controllers/features_controller.rb:6:in `show'
  <internal:prelude>:10:in `synchronize'
  /Users/chrisbaglieri/.rvm/rubies/ruby-1.9.2-p290/lib/ruby/1.9.1/webrick/httpserver.rb:111:in `service'
  /Users/chrisbaglieri/.rvm/rubies/ruby-1.9.2-p290/lib/ruby/1.9.1/webrick/httpserver.rb:70:in `run'
  /Users/chrisbaglieri/.rvm/rubies/ruby-1.9.2-p290/lib/ruby/1.9.1/webrick/server.rb:183:in `block in start_thread'

Rendered rescues/_trace (34.0ms)
Rendered rescues/_request_and_response (0.3ms)
Rendering rescues/layout (not_found)
  [4;35;1mSQL (0.1ms)[0m   [0mSET client_min_messages TO 'panic'[0m
  [4;36;1mSQL (0.1ms)[0m   [0;1mSET standard_conforming_strings = on[0m
  [4;35;1mSQL (0.1ms)[0m   [0mSET client_min_messages TO 'notice'[0m


Processing FeaturesController#show (for 127.0.0.1 at 2011-10-12 23:27:30) [GET]
  Parameters: {"id"=>"foo"}
  [4;36;1mFeature Load (0.5ms)[0m   [0;1mSELECT * FROM "features" WHERE ("features"."id" = 0) [0m

ActiveRecord::RecordNotFound (Couldn't find Feature with ID=foo):
  app/controllers/features_controller.rb:6:in `show'
  <internal:prelude>:10:in `synchronize'
  /Users/chrisbaglieri/.rvm/rubies/ruby-1.9.2-p290/lib/ruby/1.9.1/webrick/httpserver.rb:111:in `service'
  /Users/chrisbaglieri/.rvm/rubies/ruby-1.9.2-p290/lib/ruby/1.9.1/webrick/httpserver.rb:70:in `run'
  /Users/chrisbaglieri/.rvm/rubies/ruby-1.9.2-p290/lib/ruby/1.9.1/webrick/server.rb:183:in `block in start_thread'

Rendered rescues/_trace (14.6ms)
Rendered rescues/_request_and_response (0.2ms)
Rendering rescues/layout (not_found)
  [4;35;1mSQL (0.1ms)[0m   [0mSET client_min_messages TO 'panic'[0m
  [4;36;1mSQL (0.1ms)[0m   [0;1mSET standard_conforming_strings = on[0m
  [4;35;1mSQL (0.1ms)[0m   [0mSET client_min_messages TO 'notice'[0m


Processing FeaturesController#show (for 127.0.0.1 at 2011-10-12 23:28:05) [GET]
  Parameters: {"id"=>"foo"}
  [4;36;1mFeature Load (0.8ms)[0m   [0;1mSELECT * FROM "features" WHERE ("features"."name" = 'foo') LIMIT 1[0m
Completed in 64ms (View: 1, DB: 1) | 200 OK [http://localhost/features/foo]
  [4;35;1mSQL (0.1ms)[0m   [0mSET client_min_messages TO 'panic'[0m
  [4;36;1mSQL (0.1ms)[0m   [0;1mSET standard_conforming_strings = on[0m
  [4;35;1mSQL (0.1ms)[0m   [0mSET client_min_messages TO 'notice'[0m


Processing ApplicationController#index (for 127.0.0.1 at 2011-10-12 23:28:13) [GET]

ActionController::RoutingError (No route matches "/features/foo." with {:method=>:get}):
  <internal:prelude>:10:in `synchronize'
  /Users/chrisbaglieri/.rvm/rubies/ruby-1.9.2-p290/lib/ruby/1.9.1/webrick/httpserver.rb:111:in `service'
  /Users/chrisbaglieri/.rvm/rubies/ruby-1.9.2-p290/lib/ruby/1.9.1/webrick/httpserver.rb:70:in `run'
  /Users/chrisbaglieri/.rvm/rubies/ruby-1.9.2-p290/lib/ruby/1.9.1/webrick/server.rb:183:in `block in start_thread'

Rendering rescues/layout (not_found)
  [4;36;1mSQL (0.1ms)[0m   [0;1mSET client_min_messages TO 'panic'[0m
  [4;35;1mSQL (0.1ms)[0m   [0mSET standard_conforming_strings = on[0m
  [4;36;1mSQL (0.1ms)[0m   [0;1mSET client_min_messages TO 'notice'[0m


Processing FeaturesController#show to json (for 127.0.0.1 at 2011-10-12 23:28:14) [GET]
  Parameters: {"id"=>"foo"}
  [4;35;1mFeature Load (0.7ms)[0m   [0mSELECT * FROM "features" WHERE ("features"."name" = 'foo') LIMIT 1[0m
Completed in 12ms (View: 0, DB: 1) | 200 OK [http://localhost/features/foo.json]
  [4;36;1mSQL (0.1ms)[0m   [0;1mSET client_min_messages TO 'panic'[0m
  [4;35;1mSQL (0.1ms)[0m   [0mSET standard_conforming_strings = on[0m
  [4;36;1mSQL (0.1ms)[0m   [0;1mSET client_min_messages TO 'notice'[0m


Processing FeaturesController#show (for 127.0.0.1 at 2011-10-12 23:28:17) [GET]
  Parameters: {"id"=>"foo"}
  [4;35;1mFeature Load (0.8ms)[0m   [0mSELECT * FROM "features" WHERE ("features"."name" = 'foo') LIMIT 1[0m
Completed in 31ms (View: 0, DB: 1) | 200 OK [http://localhost/features/foo]
  [4;36;1mSQL (0.1ms)[0m   [0;1mSET client_min_messages TO 'panic'[0m
  [4;35;1mSQL (0.2ms)[0m   [0mSET standard_conforming_strings = on[0m
  [4;36;1mSQL (0.1ms)[0m   [0;1mSET client_min_messages TO 'notice'[0m
  [4;35;1mFeature Load (0.8ms)[0m   [0mSELECT * FROM "features" WHERE ("features"."name" = 'foo') LIMIT 1[0m
  [4;36;1mFeature Load (0.5ms)[0m   [0;1mSELECT * FROM "features" WHERE ("features"."name" = 'Foo') LIMIT 1[0m
  [4;36;1mSQL (0.2ms)[0m   [0;1mSET client_min_messages TO 'panic'[0m
  [4;35;1mSQL (0.1ms)[0m   [0mSET standard_conforming_strings = on[0m
  [4;36;1mSQL (0.1ms)[0m   [0;1mSET client_min_messages TO 'notice'[0m
  [4;35;1mFeature Load (0.9ms)[0m   [0mSELECT * FROM "features" WHERE ("features"."name" = 'Foo') LIMIT 1[0m
  [4;36;1mFeature Load (0.5ms)[0m   [0;1mSELECT * FROM "features" WHERE ("features"."name" = 'foo') LIMIT 1[0m
  [4;35;1mFeature Load (0.5ms)[0m   [0mSELECT * FROM "features" WHERE ("features"."name" = 'foo') LIMIT 1[0m
  [4;36;1mSQL (0.1ms)[0m   [0;1mSET client_min_messages TO 'panic'[0m
  [4;35;1mSQL (0.2ms)[0m   [0mSET standard_conforming_strings = on[0m
  [4;36;1mSQL (0.1ms)[0m   [0;1mSET client_min_messages TO 'notice'[0m
  [4;35;1mFeature Load (2.9ms)[0m   [0mSELECT * FROM "features" WHERE (lower(name) = 'foo') AND ("features"."name" = '--- :first
') LIMIT 1[0m
  [4;36;1mFeature Load (0.7ms)[0m   [0;1mSELECT * FROM "features" WHERE (lower(name) = 'Foo') AND ("features"."name" = '--- :first
') LIMIT 1[0m
  [4;35;1mFeature Load (0.7ms)[0m   [0mSELECT * FROM "features" WHERE (lower(name) = 'foo') LIMIT 1[0m
  [4;36;1mSQL (0.1ms)[0m   [0;1mSET client_min_messages TO 'panic'[0m
  [4;35;1mSQL (0.1ms)[0m   [0mSET standard_conforming_strings = on[0m
  [4;36;1mSQL (0.1ms)[0m   [0;1mSET client_min_messages TO 'notice'[0m


Processing FeaturesController#show (for 127.0.0.1 at 2011-10-12 23:35:39) [GET]
  Parameters: {"id"=>"foo"}
  [4;35;1mFeature Load (1.2ms)[0m   [0mSELECT * FROM "features" WHERE (lower(name) = 'foo') LIMIT 1[0m
Completed in 45ms (View: 39, DB: 2) | 200 OK [http://localhost/features/foo]
  [4;36;1mSQL (0.2ms)[0m   [0;1mSET client_min_messages TO 'panic'[0m
  [4;35;1mSQL (0.1ms)[0m   [0mSET standard_conforming_strings = on[0m
  [4;36;1mSQL (0.1ms)[0m   [0;1mSET client_min_messages TO 'notice'[0m


Processing FeaturesController#show (for 127.0.0.1 at 2011-10-12 23:35:42) [GET]
  Parameters: {"id"=>"fo"}
  [4;35;1mFeature Load (1.2ms)[0m   [0mSELECT * FROM "features" WHERE (lower(name) = 'fo') LIMIT 1[0m
Completed in 5ms (View: 0, DB: 2) | 200 OK [http://localhost/features/fo]
  [4;36;1mSQL (0.2ms)[0m   [0;1mSET client_min_messages TO 'panic'[0m
  [4;35;1mSQL (0.1ms)[0m   [0mSET standard_conforming_strings = on[0m
  [4;36;1mSQL (0.1ms)[0m   [0;1mSET client_min_messages TO 'notice'[0m


Processing FeaturesController#show (for 127.0.0.1 at 2011-10-12 23:35:43) [GET]
  Parameters: {"id"=>"f"}
  [4;35;1mFeature Load (1.2ms)[0m   [0mSELECT * FROM "features" WHERE (lower(name) = 'f') LIMIT 1[0m
Completed in 6ms (View: 1, DB: 2) | 200 OK [http://localhost/features/f]
  [4;36;1mSQL (0.1ms)[0m   [0;1mSET client_min_messages TO 'panic'[0m
  [4;35;1mSQL (0.1ms)[0m   [0mSET standard_conforming_strings = on[0m
  [4;36;1mSQL (0.1ms)[0m   [0;1mSET client_min_messages TO 'notice'[0m


Processing FeaturesController#index (for 127.0.0.1 at 2011-10-12 23:35:43) [GET]

ActionView::MissingTemplate (Missing template features/index.erb in view path /Users/chrisbaglieri/Code/hacks/heroku-labs-command/core/app/views):
  <internal:prelude>:10:in `synchronize'
  /Users/chrisbaglieri/.rvm/rubies/ruby-1.9.2-p290/lib/ruby/1.9.1/webrick/httpserver.rb:111:in `service'
  /Users/chrisbaglieri/.rvm/rubies/ruby-1.9.2-p290/lib/ruby/1.9.1/webrick/httpserver.rb:70:in `run'
  /Users/chrisbaglieri/.rvm/rubies/ruby-1.9.2-p290/lib/ruby/1.9.1/webrick/server.rb:183:in `block in start_thread'

Rendering rescues/layout (internal_server_error)
  [4;35;1mSQL (0.1ms)[0m   [0mSET client_min_messages TO 'panic'[0m
  [4;36;1mSQL (0.1ms)[0m   [0;1mSET standard_conforming_strings = on[0m
  [4;35;1mSQL (0.1ms)[0m   [0mSET client_min_messages TO 'notice'[0m


Processing FeaturesController#show (for 127.0.0.1 at 2011-10-12 23:35:44) [GET]
  Parameters: {"id"=>"F"}
  [4;36;1mFeature Load (1.4ms)[0m   [0;1mSELECT * FROM "features" WHERE (lower(name) = 'f') LIMIT 1[0m
Completed in 25ms (View: 0, DB: 2) | 200 OK [http://localhost/features/F]
  [4;35;1mSQL (0.1ms)[0m   [0mSET client_min_messages TO 'panic'[0m
  [4;36;1mSQL (0.1ms)[0m   [0;1mSET standard_conforming_strings = on[0m
  [4;35;1mSQL (0.1ms)[0m   [0mSET client_min_messages TO 'notice'[0m


Processing FeaturesController#show (for 127.0.0.1 at 2011-10-12 23:35:44) [GET]
  Parameters: {"id"=>"Foo"}
  [4;36;1mFeature Load (1.3ms)[0m   [0;1mSELECT * FROM "features" WHERE (lower(name) = 'foo') LIMIT 1[0m
Completed in 16ms (View: 11, DB: 2) | 200 OK [http://localhost/features/Foo]
  [4;36;1mSQL (0.1ms)[0m   [0;1mSET client_min_messages TO 'panic'[0m
  [4;35;1mSQL (0.1ms)[0m   [0mSET standard_conforming_strings = on[0m
  [4;36;1mSQL (0.1ms)[0m   [0;1mSET client_min_messages TO 'notice'[0m


Processing FeaturesController#show (for 127.0.0.1 at 2011-10-12 23:44:49) [GET]
  Parameters: {"id"=>"Foo"}
  [4;35;1mFeature Load (1.4ms)[0m   [0mSELECT * FROM "features" WHERE (lower(name) = 'foo') LIMIT 1[0m
Completed in 45ms (View: 40, DB: 2) | 200 OK [http://localhost/features/Foo]
  [4;36;1mSQL (0.1ms)[0m   [0;1mSET client_min_messages TO 'panic'[0m
  [4;35;1mSQL (0.2ms)[0m   [0mSET standard_conforming_strings = on[0m
  [4;36;1mSQL (0.2ms)[0m   [0;1mSET client_min_messages TO 'notice'[0m


Processing FeaturesController#show (for 127.0.0.1 at 2011-10-12 23:44:54) [GET]
  Parameters: {"id"=>"Fo"}
  [4;35;1mFeature Load (1.3ms)[0m   [0mSELECT * FROM "features" WHERE (lower(name) = 'fo') LIMIT 1[0m
Completed in 5ms (View: 0, DB: 2) | 200 OK [http://localhost/features/Fo]
  [4;36;1mSQL (0.1ms)[0m   [0;1mSET client_min_messages TO 'panic'[0m
  [4;35;1mSQL (0.1ms)[0m   [0mSET standard_conforming_strings = on[0m
  [4;36;1mSQL (0.1ms)[0m   [0;1mSET client_min_messages TO 'notice'[0m


Processing ApplicationController#index (for 127.0.0.1 at 2011-10-12 23:44:56) [GET]

ActionController::RoutingError (No route matches "/f" with {:method=>:get}):
  <internal:prelude>:10:in `synchronize'
  /Users/chrisbaglieri/.rvm/rubies/ruby-1.9.2-p290/lib/ruby/1.9.1/webrick/httpserver.rb:111:in `service'
  /Users/chrisbaglieri/.rvm/rubies/ruby-1.9.2-p290/lib/ruby/1.9.1/webrick/httpserver.rb:70:in `run'
  /Users/chrisbaglieri/.rvm/rubies/ruby-1.9.2-p290/lib/ruby/1.9.1/webrick/server.rb:183:in `block in start_thread'

Rendering rescues/layout (not_found)
  [4;35;1mSQL (0.1ms)[0m   [0mSET client_min_messages TO 'panic'[0m
  [4;36;1mSQL (0.2ms)[0m   [0;1mSET standard_conforming_strings = on[0m
  [4;35;1mSQL (0.1ms)[0m   [0mSET client_min_messages TO 'notice'[0m


Processing ApplicationController#index (for 127.0.0.1 at 2011-10-12 23:44:56) [GET]

ActionController::RoutingError (No route matches "/a" with {:method=>:get}):
  <internal:prelude>:10:in `synchronize'
  /Users/chrisbaglieri/.rvm/rubies/ruby-1.9.2-p290/lib/ruby/1.9.1/webrick/httpserver.rb:111:in `service'
  /Users/chrisbaglieri/.rvm/rubies/ruby-1.9.2-p290/lib/ruby/1.9.1/webrick/httpserver.rb:70:in `run'
  /Users/chrisbaglieri/.rvm/rubies/ruby-1.9.2-p290/lib/ruby/1.9.1/webrick/server.rb:183:in `block in start_thread'

Rendering rescues/layout (not_found)
  [4;36;1mSQL (0.1ms)[0m   [0;1mSET client_min_messages TO 'panic'[0m
  [4;35;1mSQL (0.1ms)[0m   [0mSET standard_conforming_strings = on[0m
  [4;36;1mSQL (0.1ms)[0m   [0;1mSET client_min_messages TO 'notice'[0m


Processing ApplicationController#index (for 127.0.0.1 at 2011-10-12 23:44:57) [GET]

ActionController::RoutingError (No route matches "/app" with {:method=>:get}):
  <internal:prelude>:10:in `synchronize'
  /Users/chrisbaglieri/.rvm/rubies/ruby-1.9.2-p290/lib/ruby/1.9.1/webrick/httpserver.rb:111:in `service'
  /Users/chrisbaglieri/.rvm/rubies/ruby-1.9.2-p290/lib/ruby/1.9.1/webrick/httpserver.rb:70:in `run'
  /Users/chrisbaglieri/.rvm/rubies/ruby-1.9.2-p290/lib/ruby/1.9.1/webrick/server.rb:183:in `block in start_thread'

Rendering rescues/layout (not_found)
  [4;35;1mSQL (0.1ms)[0m   [0mSET client_min_messages TO 'panic'[0m
  [4;36;1mSQL (0.1ms)[0m   [0;1mSET standard_conforming_strings = on[0m
  [4;35;1mSQL (0.1ms)[0m   [0mSET client_min_messages TO 'notice'[0m


Processing AppsController#index (for 127.0.0.1 at 2011-10-12 23:44:57) [GET]

ActionController::UnknownAction (No action responded to index. Actions: ):
  <internal:prelude>:10:in `synchronize'
  /Users/chrisbaglieri/.rvm/rubies/ruby-1.9.2-p290/lib/ruby/1.9.1/webrick/httpserver.rb:111:in `service'
  /Users/chrisbaglieri/.rvm/rubies/ruby-1.9.2-p290/lib/ruby/1.9.1/webrick/httpserver.rb:70:in `run'
  /Users/chrisbaglieri/.rvm/rubies/ruby-1.9.2-p290/lib/ruby/1.9.1/webrick/server.rb:183:in `block in start_thread'

Rendering rescues/layout (not_found)
  [4;36;1mSQL (0.1ms)[0m   [0;1mSET client_min_messages TO 'panic'[0m
  [4;35;1mSQL (0.1ms)[0m   [0mSET standard_conforming_strings = on[0m
  [4;36;1mSQL (0.1ms)[0m   [0;1mSET client_min_messages TO 'notice'[0m


Processing ApplicationController#index (for 127.0.0.1 at 2011-10-12 23:44:59) [GET]

ActionController::RoutingError (No route matches "/apps/1/features/2" with {:method=>:get}):
  <internal:prelude>:10:in `synchronize'
  /Users/chrisbaglieri/.rvm/rubies/ruby-1.9.2-p290/lib/ruby/1.9.1/webrick/httpserver.rb:111:in `service'
  /Users/chrisbaglieri/.rvm/rubies/ruby-1.9.2-p290/lib/ruby/1.9.1/webrick/httpserver.rb:70:in `run'
  /Users/chrisbaglieri/.rvm/rubies/ruby-1.9.2-p290/lib/ruby/1.9.1/webrick/server.rb:183:in `block in start_thread'

Rendering rescues/layout (not_found)
  [4;35;1mSQL (0.2ms)[0m   [0mSET client_min_messages TO 'panic'[0m
  [4;36;1mSQL (0.1ms)[0m   [0;1mSET standard_conforming_strings = on[0m
  [4;35;1mSQL (0.1ms)[0m   [0mSET client_min_messages TO 'notice'[0m


Processing ApplicationController#index (for 127.0.0.1 at 2011-10-12 23:45:05) [GET]

ActionController::RoutingError (No route matches "/apps/1/features/2/" with {:method=>:get}):
  <internal:prelude>:10:in `synchronize'
  /Users/chrisbaglieri/.rvm/rubies/ruby-1.9.2-p290/lib/ruby/1.9.1/webrick/httpserver.rb:111:in `service'
  /Users/chrisbaglieri/.rvm/rubies/ruby-1.9.2-p290/lib/ruby/1.9.1/webrick/httpserver.rb:70:in `run'
  /Users/chrisbaglieri/.rvm/rubies/ruby-1.9.2-p290/lib/ruby/1.9.1/webrick/server.rb:183:in `block in start_thread'

Rendering rescues/layout (not_found)
  [4;36;1mSQL (0.1ms)[0m   [0;1mSET client_min_messages TO 'panic'[0m
  [4;35;1mSQL (0.1ms)[0m   [0mSET standard_conforming_strings = on[0m
  [4;36;1mSQL (0.2ms)[0m   [0;1mSET client_min_messages TO 'notice'[0m


Processing FeaturesController#enable (for 127.0.0.1 at 2011-10-12 23:45:06) [GET]
  Parameters: {"app_id"=>"1", "id"=>"2"}

ActionView::MissingTemplate (Missing template features/enable.erb in view path /Users/chrisbaglieri/Code/hacks/heroku-labs-command/core/app/views):
  <internal:prelude>:10:in `synchronize'
  /Users/chrisbaglieri/.rvm/rubies/ruby-1.9.2-p290/lib/ruby/1.9.1/webrick/httpserver.rb:111:in `service'
  /Users/chrisbaglieri/.rvm/rubies/ruby-1.9.2-p290/lib/ruby/1.9.1/webrick/httpserver.rb:70:in `run'
  /Users/chrisbaglieri/.rvm/rubies/ruby-1.9.2-p290/lib/ruby/1.9.1/webrick/server.rb:183:in `block in start_thread'

Rendering rescues/layout (internal_server_error)
  [4;35;1mSQL (0.2ms)[0m   [0mSET client_min_messages TO 'panic'[0m
  [4;36;1mSQL (0.1ms)[0m   [0;1mSET standard_conforming_strings = on[0m
  [4;35;1mSQL (0.1ms)[0m   [0mSET client_min_messages TO 'notice'[0m


Processing ApplicationController#index (for 127.0.0.1 at 2011-10-12 23:45:12) [GET]

ActionController::RoutingError (No route matches "/apps/1/features/2/d" with {:method=>:get}):
  <internal:prelude>:10:in `synchronize'
  /Users/chrisbaglieri/.rvm/rubies/ruby-1.9.2-p290/lib/ruby/1.9.1/webrick/httpserver.rb:111:in `service'
  /Users/chrisbaglieri/.rvm/rubies/ruby-1.9.2-p290/lib/ruby/1.9.1/webrick/httpserver.rb:70:in `run'
  /Users/chrisbaglieri/.rvm/rubies/ruby-1.9.2-p290/lib/ruby/1.9.1/webrick/server.rb:183:in `block in start_thread'

Rendering rescues/layout (not_found)
  [4;36;1mSQL (0.1ms)[0m   [0;1mSET client_min_messages TO 'panic'[0m
  [4;35;1mSQL (0.1ms)[0m   [0mSET standard_conforming_strings = on[0m
  [4;36;1mSQL (0.1ms)[0m   [0;1mSET client_min_messages TO 'notice'[0m


Processing ApplicationController#index (for 127.0.0.1 at 2011-10-12 23:45:13) [GET]

ActionController::RoutingError (No route matches "/apps/1/features/2/dis" with {:method=>:get}):
  <internal:prelude>:10:in `synchronize'
  /Users/chrisbaglieri/.rvm/rubies/ruby-1.9.2-p290/lib/ruby/1.9.1/webrick/httpserver.rb:111:in `service'
  /Users/chrisbaglieri/.rvm/rubies/ruby-1.9.2-p290/lib/ruby/1.9.1/webrick/httpserver.rb:70:in `run'
  /Users/chrisbaglieri/.rvm/rubies/ruby-1.9.2-p290/lib/ruby/1.9.1/webrick/server.rb:183:in `block in start_thread'

Rendering rescues/layout (not_found)
  [4;35;1mSQL (0.1ms)[0m   [0mSET client_min_messages TO 'panic'[0m
  [4;36;1mSQL (0.1ms)[0m   [0;1mSET standard_conforming_strings = on[0m
  [4;35;1mSQL (0.1ms)[0m   [0mSET client_min_messages TO 'notice'[0m


Processing ApplicationController#index (for 127.0.0.1 at 2011-10-12 23:45:13) [GET]

ActionController::RoutingError (No route matches "/apps/1/features/2/disa" with {:method=>:get}):
  <internal:prelude>:10:in `synchronize'
  /Users/chrisbaglieri/.rvm/rubies/ruby-1.9.2-p290/lib/ruby/1.9.1/webrick/httpserver.rb:111:in `service'
  /Users/chrisbaglieri/.rvm/rubies/ruby-1.9.2-p290/lib/ruby/1.9.1/webrick/httpserver.rb:70:in `run'
  /Users/chrisbaglieri/.rvm/rubies/ruby-1.9.2-p290/lib/ruby/1.9.1/webrick/server.rb:183:in `block in start_thread'

Rendering rescues/layout (not_found)
  [4;36;1mSQL (0.1ms)[0m   [0;1mSET client_min_messages TO 'panic'[0m
  [4;35;1mSQL (0.1ms)[0m   [0mSET standard_conforming_strings = on[0m
  [4;36;1mSQL (0.1ms)[0m   [0;1mSET client_min_messages TO 'notice'[0m


Processing ApplicationController#index (for 127.0.0.1 at 2011-10-12 23:45:13) [GET]

ActionController::RoutingError (No route matches "/apps/1/features/2/disab" with {:method=>:get}):
  <internal:prelude>:10:in `synchronize'
  /Users/chrisbaglieri/.rvm/rubies/ruby-1.9.2-p290/lib/ruby/1.9.1/webrick/httpserver.rb:111:in `service'
  /Users/chrisbaglieri/.rvm/rubies/ruby-1.9.2-p290/lib/ruby/1.9.1/webrick/httpserver.rb:70:in `run'
  /Users/chrisbaglieri/.rvm/rubies/ruby-1.9.2-p290/lib/ruby/1.9.1/webrick/server.rb:183:in `block in start_thread'

Rendering rescues/layout (not_found)
  [4;35;1mSQL (0.1ms)[0m   [0mSET client_min_messages TO 'panic'[0m
  [4;36;1mSQL (0.1ms)[0m   [0;1mSET standard_conforming_strings = on[0m
  [4;35;1mSQL (0.1ms)[0m   [0mSET client_min_messages TO 'notice'[0m


Processing FeaturesController#disable (for 127.0.0.1 at 2011-10-12 23:45:14) [GET]
  Parameters: {"app_id"=>"1", "id"=>"2"}

ActionView::MissingTemplate (Missing template features/disable.erb in view path /Users/chrisbaglieri/Code/hacks/heroku-labs-command/core/app/views):
  <internal:prelude>:10:in `synchronize'
  /Users/chrisbaglieri/.rvm/rubies/ruby-1.9.2-p290/lib/ruby/1.9.1/webrick/httpserver.rb:111:in `service'
  /Users/chrisbaglieri/.rvm/rubies/ruby-1.9.2-p290/lib/ruby/1.9.1/webrick/httpserver.rb:70:in `run'
  /Users/chrisbaglieri/.rvm/rubies/ruby-1.9.2-p290/lib/ruby/1.9.1/webrick/server.rb:183:in `block in start_thread'

Rendering rescues/layout (internal_server_error)
  [4;36;1mSQL (0.2ms)[0m   [0;1mSET client_min_messages TO 'panic'[0m
  [4;35;1mSQL (0.2ms)[0m   [0mSET standard_conforming_strings = on[0m
  [4;36;1mSQL (0.1ms)[0m   [0;1mSET client_min_messages TO 'notice'[0m


Processing ApplicationController#index (for 127.0.0.1 at 2011-10-12 23:45:23) [GET]

ActionController::RoutingError (No route matches "/apps/1/features/2/" with {:method=>:get}):
  <internal:prelude>:10:in `synchronize'
  /Users/chrisbaglieri/.rvm/rubies/ruby-1.9.2-p290/lib/ruby/1.9.1/webrick/httpserver.rb:111:in `service'
  /Users/chrisbaglieri/.rvm/rubies/ruby-1.9.2-p290/lib/ruby/1.9.1/webrick/httpserver.rb:70:in `run'
  /Users/chrisbaglieri/.rvm/rubies/ruby-1.9.2-p290/lib/ruby/1.9.1/webrick/server.rb:183:in `block in start_thread'

Rendering rescues/layout (not_found)
  [4;35;1mSQL (0.1ms)[0m   [0mSET client_min_messages TO 'panic'[0m
  [4;36;1mSQL (0.1ms)[0m   [0;1mSET standard_conforming_strings = on[0m
  [4;35;1mSQL (0.1ms)[0m   [0mSET client_min_messages TO 'notice'[0m


Processing ApplicationController#index (for 127.0.0.1 at 2011-10-12 23:45:23) [GET]

ActionController::RoutingError (No route matches "/apps/1/features/2" with {:method=>:get}):
  <internal:prelude>:10:in `synchronize'
  /Users/chrisbaglieri/.rvm/rubies/ruby-1.9.2-p290/lib/ruby/1.9.1/webrick/httpserver.rb:111:in `service'
  /Users/chrisbaglieri/.rvm/rubies/ruby-1.9.2-p290/lib/ruby/1.9.1/webrick/httpserver.rb:70:in `run'
  /Users/chrisbaglieri/.rvm/rubies/ruby-1.9.2-p290/lib/ruby/1.9.1/webrick/server.rb:183:in `block in start_thread'

Rendering rescues/layout (not_found)
  [4;36;1mSQL (0.1ms)[0m   [0;1mSET client_min_messages TO 'panic'[0m
  [4;35;1mSQL (0.1ms)[0m   [0mSET standard_conforming_strings = on[0m
  [4;36;1mSQL (0.1ms)[0m   [0;1mSET client_min_messages TO 'notice'[0m


Processing FeaturesController#index (for 127.0.0.1 at 2011-10-12 23:45:28) [GET]
  Parameters: {"app_id"=>"1"}

ActionView::MissingTemplate (Missing template features/index.erb in view path /Users/chrisbaglieri/Code/hacks/heroku-labs-command/core/app/views):
  <internal:prelude>:10:in `synchronize'
  /Users/chrisbaglieri/.rvm/rubies/ruby-1.9.2-p290/lib/ruby/1.9.1/webrick/httpserver.rb:111:in `service'
  /Users/chrisbaglieri/.rvm/rubies/ruby-1.9.2-p290/lib/ruby/1.9.1/webrick/httpserver.rb:70:in `run'
  /Users/chrisbaglieri/.rvm/rubies/ruby-1.9.2-p290/lib/ruby/1.9.1/webrick/server.rb:183:in `block in start_thread'

Rendering rescues/layout (internal_server_error)
  [4;35;1mSQL (0.1ms)[0m   [0mSET client_min_messages TO 'panic'[0m
  [4;36;1mSQL (0.1ms)[0m   [0;1mSET standard_conforming_strings = on[0m
  [4;35;1mSQL (0.1ms)[0m   [0mSET client_min_messages TO 'notice'[0m


Processing ApplicationController#index (for 127.0.0.1 at 2011-10-12 23:45:28) [GET]

ActionController::RoutingError (No route matches "/apps/1/features/f" with {:method=>:get}):
  <internal:prelude>:10:in `synchronize'
  /Users/chrisbaglieri/.rvm/rubies/ruby-1.9.2-p290/lib/ruby/1.9.1/webrick/httpserver.rb:111:in `service'
  /Users/chrisbaglieri/.rvm/rubies/ruby-1.9.2-p290/lib/ruby/1.9.1/webrick/httpserver.rb:70:in `run'
  /Users/chrisbaglieri/.rvm/rubies/ruby-1.9.2-p290/lib/ruby/1.9.1/webrick/server.rb:183:in `block in start_thread'

Rendering rescues/layout (not_found)
  [4;36;1mSQL (0.1ms)[0m   [0;1mSET client_min_messages TO 'panic'[0m
  [4;35;1mSQL (0.1ms)[0m   [0mSET standard_conforming_strings = on[0m
  [4;36;1mSQL (0.1ms)[0m   [0;1mSET client_min_messages TO 'notice'[0m


Processing ApplicationController#index (for 127.0.0.1 at 2011-10-12 23:45:28) [GET]

ActionController::RoutingError (No route matches "/apps/1/features/foo" with {:method=>:get}):
  <internal:prelude>:10:in `synchronize'
  /Users/chrisbaglieri/.rvm/rubies/ruby-1.9.2-p290/lib/ruby/1.9.1/webrick/httpserver.rb:111:in `service'
  /Users/chrisbaglieri/.rvm/rubies/ruby-1.9.2-p290/lib/ruby/1.9.1/webrick/httpserver.rb:70:in `run'
  /Users/chrisbaglieri/.rvm/rubies/ruby-1.9.2-p290/lib/ruby/1.9.1/webrick/server.rb:183:in `block in start_thread'

Rendering rescues/layout (not_found)
  [4;35;1mSQL (0.1ms)[0m   [0mSET client_min_messages TO 'panic'[0m
  [4;36;1mSQL (0.1ms)[0m   [0;1mSET standard_conforming_strings = on[0m
  [4;35;1mSQL (0.1ms)[0m   [0mSET client_min_messages TO 'notice'[0m


Processing ApplicationController#index (for 127.0.0.1 at 2011-10-12 23:45:42) [GET]

ActionController::RoutingError (No route matches "/apps/1/features/fo" with {:method=>:get}):
  <internal:prelude>:10:in `synchronize'
  /Users/chrisbaglieri/.rvm/rubies/ruby-1.9.2-p290/lib/ruby/1.9.1/webrick/httpserver.rb:111:in `service'
  /Users/chrisbaglieri/.rvm/rubies/ruby-1.9.2-p290/lib/ruby/1.9.1/webrick/httpserver.rb:70:in `run'
  /Users/chrisbaglieri/.rvm/rubies/ruby-1.9.2-p290/lib/ruby/1.9.1/webrick/server.rb:183:in `block in start_thread'

Rendering rescues/layout (not_found)
  [4;36;1mSQL (0.1ms)[0m   [0;1mSET client_min_messages TO 'panic'[0m
  [4;35;1mSQL (0.1ms)[0m   [0mSET standard_conforming_strings = on[0m
  [4;36;1mSQL (0.1ms)[0m   [0;1mSET client_min_messages TO 'notice'[0m


Processing FeaturesController#index (for 127.0.0.1 at 2011-10-12 23:45:42) [GET]
  Parameters: {"app_id"=>"1"}

ActionView::MissingTemplate (Missing template features/index.erb in view path /Users/chrisbaglieri/Code/hacks/heroku-labs-command/core/app/views):
  <internal:prelude>:10:in `synchronize'
  /Users/chrisbaglieri/.rvm/rubies/ruby-1.9.2-p290/lib/ruby/1.9.1/webrick/httpserver.rb:111:in `service'
  /Users/chrisbaglieri/.rvm/rubies/ruby-1.9.2-p290/lib/ruby/1.9.1/webrick/httpserver.rb:70:in `run'
  /Users/chrisbaglieri/.rvm/rubies/ruby-1.9.2-p290/lib/ruby/1.9.1/webrick/server.rb:183:in `block in start_thread'

Rendering rescues/layout (internal_server_error)
  [4;35;1mSQL (0.1ms)[0m   [0mSET client_min_messages TO 'panic'[0m
  [4;36;1mSQL (0.1ms)[0m   [0;1mSET standard_conforming_strings = on[0m
  [4;35;1mSQL (0.1ms)[0m   [0mSET client_min_messages TO 'notice'[0m


Processing FeaturesController#index (for 127.0.0.1 at 2011-10-12 23:45:42) [GET]
  Parameters: {"app_id"=>"1"}

ActionView::MissingTemplate (Missing template features/index.erb in view path /Users/chrisbaglieri/Code/hacks/heroku-labs-command/core/app/views):
  <internal:prelude>:10:in `synchronize'
  /Users/chrisbaglieri/.rvm/rubies/ruby-1.9.2-p290/lib/ruby/1.9.1/webrick/httpserver.rb:111:in `service'
  /Users/chrisbaglieri/.rvm/rubies/ruby-1.9.2-p290/lib/ruby/1.9.1/webrick/httpserver.rb:70:in `run'
  /Users/chrisbaglieri/.rvm/rubies/ruby-1.9.2-p290/lib/ruby/1.9.1/webrick/server.rb:183:in `block in start_thread'

Rendering rescues/layout (internal_server_error)
  [4;36;1mSQL (0.1ms)[0m   [0;1mSET client_min_messages TO 'panic'[0m
  [4;35;1mSQL (0.1ms)[0m   [0mSET standard_conforming_strings = on[0m
  [4;36;1mSQL (0.1ms)[0m   [0;1mSET client_min_messages TO 'notice'[0m


Processing ApplicationController#index (for 127.0.0.1 at 2011-10-12 23:54:45) [GET]

ActionController::RoutingError (No route matches "/apps/1/features/2" with {:method=>:get}):
  <internal:prelude>:10:in `synchronize'
  /Users/chrisbaglieri/.rvm/rubies/ruby-1.9.2-p290/lib/ruby/1.9.1/webrick/httpserver.rb:111:in `service'
  /Users/chrisbaglieri/.rvm/rubies/ruby-1.9.2-p290/lib/ruby/1.9.1/webrick/httpserver.rb:70:in `run'
  /Users/chrisbaglieri/.rvm/rubies/ruby-1.9.2-p290/lib/ruby/1.9.1/webrick/server.rb:183:in `block in start_thread'

Rendering rescues/layout (not_found)
  [4;35;1mSQL (0.1ms)[0m   [0mSET client_min_messages TO 'panic'[0m
  [4;36;1mSQL (0.1ms)[0m   [0;1mSET standard_conforming_strings = on[0m
  [4;35;1mSQL (0.1ms)[0m   [0mSET client_min_messages TO 'notice'[0m


Processing ApplicationController#index (for 127.0.0.1 at 2011-10-12 23:54:47) [GET]

ActionController::RoutingError (No route matches "/apps/1/features/create" with {:method=>:get}):
  <internal:prelude>:10:in `synchronize'
  /Users/chrisbaglieri/.rvm/rubies/ruby-1.9.2-p290/lib/ruby/1.9.1/webrick/httpserver.rb:111:in `service'
  /Users/chrisbaglieri/.rvm/rubies/ruby-1.9.2-p290/lib/ruby/1.9.1/webrick/httpserver.rb:70:in `run'
  /Users/chrisbaglieri/.rvm/rubies/ruby-1.9.2-p290/lib/ruby/1.9.1/webrick/server.rb:183:in `block in start_thread'

Rendering rescues/layout (not_found)
  [4;36;1mSQL (0.1ms)[0m   [0;1mSET client_min_messages TO 'panic'[0m
  [4;35;1mSQL (0.1ms)[0m   [0mSET standard_conforming_strings = on[0m
  [4;36;1mSQL (0.1ms)[0m   [0;1mSET client_min_messages TO 'notice'[0m


Processing FeaturesController#disable (for 127.0.0.1 at 2011-10-12 23:54:48) [GET]
  Parameters: {"app_id"=>"1", "id"=>"2"}

ActionView::MissingTemplate (Missing template features/disable.erb in view path /Users/chrisbaglieri/Code/hacks/heroku-labs-command/core/app/views):
  <internal:prelude>:10:in `synchronize'
  /Users/chrisbaglieri/.rvm/rubies/ruby-1.9.2-p290/lib/ruby/1.9.1/webrick/httpserver.rb:111:in `service'
  /Users/chrisbaglieri/.rvm/rubies/ruby-1.9.2-p290/lib/ruby/1.9.1/webrick/httpserver.rb:70:in `run'
  /Users/chrisbaglieri/.rvm/rubies/ruby-1.9.2-p290/lib/ruby/1.9.1/webrick/server.rb:183:in `block in start_thread'

Rendering rescues/layout (internal_server_error)
  [4;35;1mSQL (0.2ms)[0m   [0mSET client_min_messages TO 'panic'[0m
  [4;36;1mSQL (0.2ms)[0m   [0;1mSET standard_conforming_strings = on[0m
  [4;35;1mSQL (0.1ms)[0m   [0mSET client_min_messages TO 'notice'[0m


Processing ApplicationController#index (for 127.0.0.1 at 2011-10-12 23:54:51) [GET]

ActionController::RoutingError (No route matches "/apps/1/features/2/e" with {:method=>:get}):
  <internal:prelude>:10:in `synchronize'
  /Users/chrisbaglieri/.rvm/rubies/ruby-1.9.2-p290/lib/ruby/1.9.1/webrick/httpserver.rb:111:in `service'
  /Users/chrisbaglieri/.rvm/rubies/ruby-1.9.2-p290/lib/ruby/1.9.1/webrick/httpserver.rb:70:in `run'
  /Users/chrisbaglieri/.rvm/rubies/ruby-1.9.2-p290/lib/ruby/1.9.1/webrick/server.rb:183:in `block in start_thread'

Rendering rescues/layout (not_found)
  [4;36;1mSQL (0.1ms)[0m   [0;1mSET client_min_messages TO 'panic'[0m
  [4;35;1mSQL (0.1ms)[0m   [0mSET standard_conforming_strings = on[0m
  [4;36;1mSQL (0.1ms)[0m   [0;1mSET client_min_messages TO 'notice'[0m


Processing FeaturesController#enable (for 127.0.0.1 at 2011-10-12 23:54:52) [GET]
  Parameters: {"app_id"=>"1", "id"=>"2"}
  [4;35;1mApp Load (2.1ms)[0m   [0mSELECT * FROM "apps" WHERE ("apps"."id" = 1) [0m

ActiveRecord::RecordNotFound (Couldn't find App with ID=1):
  app/controllers/features_controller.rb:13:in `enable'
  <internal:prelude>:10:in `synchronize'
  /Users/chrisbaglieri/.rvm/rubies/ruby-1.9.2-p290/lib/ruby/1.9.1/webrick/httpserver.rb:111:in `service'
  /Users/chrisbaglieri/.rvm/rubies/ruby-1.9.2-p290/lib/ruby/1.9.1/webrick/httpserver.rb:70:in `run'
  /Users/chrisbaglieri/.rvm/rubies/ruby-1.9.2-p290/lib/ruby/1.9.1/webrick/server.rb:183:in `block in start_thread'

Rendered rescues/_trace (20.9ms)
Rendered rescues/_request_and_response (1.6ms)
Rendering rescues/layout (not_found)
  [4;36;1mSQL (0.1ms)[0m   [0;1mSET client_min_messages TO 'panic'[0m
  [4;35;1mSQL (0.1ms)[0m   [0mSET standard_conforming_strings = on[0m
  [4;36;1mSQL (0.1ms)[0m   [0;1mSET client_min_messages TO 'notice'[0m


Processing FeaturesController#enable (for 127.0.0.1 at 2011-10-12 23:54:52) [GET]
  Parameters: {"app_id"=>"1", "id"=>"2"}
  [4;35;1mApp Load (0.5ms)[0m   [0mSELECT * FROM "apps" WHERE ("apps"."id" = 1) [0m

ActiveRecord::RecordNotFound (Couldn't find App with ID=1):
  app/controllers/features_controller.rb:13:in `enable'
  <internal:prelude>:10:in `synchronize'
  /Users/chrisbaglieri/.rvm/rubies/ruby-1.9.2-p290/lib/ruby/1.9.1/webrick/httpserver.rb:111:in `service'
  /Users/chrisbaglieri/.rvm/rubies/ruby-1.9.2-p290/lib/ruby/1.9.1/webrick/httpserver.rb:70:in `run'
  /Users/chrisbaglieri/.rvm/rubies/ruby-1.9.2-p290/lib/ruby/1.9.1/webrick/server.rb:183:in `block in start_thread'

Rendered rescues/_trace (15.0ms)
Rendered rescues/_request_and_response (0.3ms)
Rendering rescues/layout (not_found)
  [4;36;1mSQL (0.1ms)[0m   [0;1mSET client_min_messages TO 'panic'[0m
  [4;35;1mSQL (0.1ms)[0m   [0mSET standard_conforming_strings = on[0m
  [4;36;1mSQL (0.1ms)[0m   [0;1mSET client_min_messages TO 'notice'[0m


Processing ApplicationController#index (for 127.0.0.1 at 2011-10-12 23:55:13) [GET]

ActionController::MethodNotAllowed (Only post requests are allowed.):
  <internal:prelude>:10:in `synchronize'
  /Users/chrisbaglieri/.rvm/rubies/ruby-1.9.2-p290/lib/ruby/1.9.1/webrick/httpserver.rb:111:in `service'
  /Users/chrisbaglieri/.rvm/rubies/ruby-1.9.2-p290/lib/ruby/1.9.1/webrick/httpserver.rb:70:in `run'
  /Users/chrisbaglieri/.rvm/rubies/ruby-1.9.2-p290/lib/ruby/1.9.1/webrick/server.rb:183:in `block in start_thread'

Rendered rescues/_trace (29.1ms)
Rendered rescues/_request_and_response (0.3ms)
Rendering rescues/layout (method_not_allowed)
  [4;36;1mSQL (0.1ms)[0m   [0;1mSET client_min_messages TO 'panic'[0m
  [4;35;1mSQL (0.1ms)[0m   [0mSET standard_conforming_strings = on[0m
  [4;36;1mSQL (0.1ms)[0m   [0;1mSET client_min_messages TO 'notice'[0m


Processing ApplicationController#index (for 127.0.0.1 at 2011-10-12 23:59:39) [GET]

ActionController::RoutingError (No route matches "/apps/1/features/2" with {:method=>:get}):
  <internal:prelude>:10:in `synchronize'
  /Users/chrisbaglieri/.rvm/rubies/ruby-1.9.2-p290/lib/ruby/1.9.1/webrick/httpserver.rb:111:in `service'
  /Users/chrisbaglieri/.rvm/rubies/ruby-1.9.2-p290/lib/ruby/1.9.1/webrick/httpserver.rb:70:in `run'
  /Users/chrisbaglieri/.rvm/rubies/ruby-1.9.2-p290/lib/ruby/1.9.1/webrick/server.rb:183:in `block in start_thread'

Rendering rescues/layout (not_found)
  [4;35;1mSQL (0.1ms)[0m   [0mSET client_min_messages TO 'panic'[0m
  [4;36;1mSQL (0.1ms)[0m   [0;1mSET standard_conforming_strings = on[0m
  [4;35;1mSQL (0.1ms)[0m   [0mSET client_min_messages TO 'notice'[0m


Processing FeaturesController#index (for 127.0.0.1 at 2011-10-12 23:59:39) [GET]
  Parameters: {"app_id"=>"1"}

ActionView::MissingTemplate (Missing template features/index.erb in view path /Users/chrisbaglieri/Code/hacks/heroku-labs-command/core/app/views):
  <internal:prelude>:10:in `synchronize'
  /Users/chrisbaglieri/.rvm/rubies/ruby-1.9.2-p290/lib/ruby/1.9.1/webrick/httpserver.rb:111:in `service'
  /Users/chrisbaglieri/.rvm/rubies/ruby-1.9.2-p290/lib/ruby/1.9.1/webrick/httpserver.rb:70:in `run'
  /Users/chrisbaglieri/.rvm/rubies/ruby-1.9.2-p290/lib/ruby/1.9.1/webrick/server.rb:183:in `block in start_thread'

Rendering rescues/layout (internal_server_error)
  [4;36;1mSQL (0.1ms)[0m   [0;1mSET client_min_messages TO 'panic'[0m
  [4;35;1mSQL (0.1ms)[0m   [0mSET standard_conforming_strings = on[0m
  [4;36;1mSQL (0.1ms)[0m   [0;1mSET client_min_messages TO 'notice'[0m


Processing ApplicationController#index (for 127.0.0.1 at 2011-10-12 23:59:40) [GET]

ActionController::RoutingError (No route matches "/apps/1/features/f" with {:method=>:get}):
  <internal:prelude>:10:in `synchronize'
  /Users/chrisbaglieri/.rvm/rubies/ruby-1.9.2-p290/lib/ruby/1.9.1/webrick/httpserver.rb:111:in `service'
  /Users/chrisbaglieri/.rvm/rubies/ruby-1.9.2-p290/lib/ruby/1.9.1/webrick/httpserver.rb:70:in `run'
  /Users/chrisbaglieri/.rvm/rubies/ruby-1.9.2-p290/lib/ruby/1.9.1/webrick/server.rb:183:in `block in start_thread'

Rendering rescues/layout (not_found)
  [4;35;1mSQL (0.1ms)[0m   [0mSET client_min_messages TO 'panic'[0m
  [4;36;1mSQL (0.1ms)[0m   [0;1mSET standard_conforming_strings = on[0m
  [4;35;1mSQL (0.1ms)[0m   [0mSET client_min_messages TO 'notice'[0m


Processing FeaturesController#index (for 127.0.0.1 at 2011-10-12 23:59:42) [GET]
  Parameters: {"app_id"=>"1"}

ActionView::MissingTemplate (Missing template features/index.erb in view path /Users/chrisbaglieri/Code/hacks/heroku-labs-command/core/app/views):
  <internal:prelude>:10:in `synchronize'
  /Users/chrisbaglieri/.rvm/rubies/ruby-1.9.2-p290/lib/ruby/1.9.1/webrick/httpserver.rb:111:in `service'
  /Users/chrisbaglieri/.rvm/rubies/ruby-1.9.2-p290/lib/ruby/1.9.1/webrick/httpserver.rb:70:in `run'
  /Users/chrisbaglieri/.rvm/rubies/ruby-1.9.2-p290/lib/ruby/1.9.1/webrick/server.rb:183:in `block in start_thread'

Rendering rescues/layout (internal_server_error)
  [4;36;1mSQL (0.1ms)[0m   [0;1mSET client_min_messages TO 'panic'[0m
  [4;35;1mSQL (0.1ms)[0m   [0mSET standard_conforming_strings = on[0m
  [4;36;1mSQL (0.1ms)[0m   [0;1mSET client_min_messages TO 'notice'[0m


Processing ApplicationController#index (for 127.0.0.1 at 2011-10-12 23:59:44) [GET]

ActionController::RoutingError (No route matches "/f" with {:method=>:get}):
  <internal:prelude>:10:in `synchronize'
  /Users/chrisbaglieri/.rvm/rubies/ruby-1.9.2-p290/lib/ruby/1.9.1/webrick/httpserver.rb:111:in `service'
  /Users/chrisbaglieri/.rvm/rubies/ruby-1.9.2-p290/lib/ruby/1.9.1/webrick/httpserver.rb:70:in `run'
  /Users/chrisbaglieri/.rvm/rubies/ruby-1.9.2-p290/lib/ruby/1.9.1/webrick/server.rb:183:in `block in start_thread'

Rendering rescues/layout (not_found)
  [4;35;1mSQL (0.1ms)[0m   [0mSET client_min_messages TO 'panic'[0m
  [4;36;1mSQL (0.1ms)[0m   [0;1mSET standard_conforming_strings = on[0m
  [4;35;1mSQL (0.1ms)[0m   [0mSET client_min_messages TO 'notice'[0m


Processing FeaturesController#show (for 127.0.0.1 at 2011-10-12 23:59:45) [GET]
  Parameters: {"id"=>"foo"}
  [4;36;1mFeature Load (1.3ms)[0m   [0;1mSELECT * FROM "features" WHERE (lower(name) = 'foo') [0m
Completed in 59ms (View: 20, DB: 2) | 200 OK [http://localhost/features/foo]
  [4;35;1mSQL (0.2ms)[0m   [0mSET client_min_messages TO 'panic'[0m
  [4;36;1mSQL (0.1ms)[0m   [0;1mSET standard_conforming_strings = on[0m
  [4;35;1mSQL (0.1ms)[0m   [0mSET client_min_messages TO 'notice'[0m


Processing FeaturesController#show (for 127.0.0.1 at 2011-10-13 00:00:09) [GET]
  Parameters: {"id"=>"foo"}

SyntaxError (/Users/chrisbaglieri/Code/hacks/heroku-labs-command/core/app/models/feature.rb:3: syntax error, unexpected ',', expecting tASSOC
...name, lambda { |name| { :first, :conditions => [ "lower(name...
...                               ^
/Users/chrisbaglieri/Code/hacks/heroku-labs-command/core/app/models/feature.rb:3: syntax error, unexpected '}', expecting keyword_end):
  app/controllers/features_controller.rb:6:in `show'
  <internal:prelude>:10:in `synchronize'
  /Users/chrisbaglieri/.rvm/rubies/ruby-1.9.2-p290/lib/ruby/1.9.1/webrick/httpserver.rb:111:in `service'
  /Users/chrisbaglieri/.rvm/rubies/ruby-1.9.2-p290/lib/ruby/1.9.1/webrick/httpserver.rb:70:in `run'
  /Users/chrisbaglieri/.rvm/rubies/ruby-1.9.2-p290/lib/ruby/1.9.1/webrick/server.rb:183:in `block in start_thread'

Rendered rescues/_trace (18.9ms)
Rendered rescues/_request_and_response (1.2ms)
Rendering rescues/layout (internal_server_error)
  [4;36;1mSQL (0.1ms)[0m   [0;1mSET client_min_messages TO 'panic'[0m
  [4;35;1mSQL (0.1ms)[0m   [0mSET standard_conforming_strings = on[0m
  [4;36;1mSQL (0.1ms)[0m   [0;1mSET client_min_messages TO 'notice'[0m


Processing FeaturesController#show (for 127.0.0.1 at 2011-10-13 00:01:29) [GET]
  Parameters: {"id"=>"foo"}
  [4;35;1mFeature Load (1.3ms)[0m   [0mSELECT * FROM "features" WHERE (lower(name) = 'foo') LIMIT 1[0m
Completed in 17ms (View: 11, DB: 2) | 200 OK [http://localhost/features/foo]
